#
# There is insufficient memory for the Java Runtime Environment to continue.
# Native memory allocation (mmap) failed to map 572522496 bytes. Error detail: G1 virtual space
# Possible reasons:
#   The system is out of physical RAM or swap space
#   This process is running with CompressedOops enabled, and the Java Heap may be blocking the growth of the native heap
# Possible solutions:
#   Reduce memory load on the system
#   Increase physical memory or swap space
#   Check if swap backing store is full
#   Decrease Java heap size (-Xmx/-Xms)
#   Decrease number of Java threads
#   Decrease Java thread stack sizes (-Xss)
#   Set larger code cache with -XX:ReservedCodeCacheSize=
#   JVM is running with Unscaled Compressed Oops mode in which the Java heap is
#     placed in the first 4GB address space. The Java Heap base address is the
#     maximum limit for the native heap growth. Please use -XX:HeapBaseMinAddress
#     to set the Java Heap base and to place the Java Heap above 4GB virtual address.
# This output file may be truncated or incomplete.
#
#  Out of Memory Error (os_windows.cpp:3618), pid=14332, tid=7344
#
# JRE version: OpenJDK Runtime Environment OpenLogic-OpenJDK (17.0.14+7) (build 17.0.14+7-adhoc..jdk17u)
# Java VM: OpenJDK 64-Bit Server VM OpenLogic-OpenJDK (17.0.14+7-adhoc..jdk17u, mixed mode, sharing, tiered, compressed oops, compressed class ptrs, g1 gc, windows-amd64)
# No core dump will be written. Minidumps are not enabled by default on client versions of Windows
#

---------------  S U M M A R Y ------------

Command Line: org.jetbrains.kotlin.cli.jvm.K2JVMCompiler @G:\SchoolEvnets\node_modules\react-native-screens\android\build\20250625_13575621333826870370.compiler.options

Host: Intel(R) Core(TM) i5-8265U CPU @ 1.60GHz, 8 cores, 7G,  Windows 10 , 64 bit Build 19041 (10.0.19041.5915)
Time: Wed Jun 25 13:10:33 2025 India Standard Time elapsed time: 45.855532 seconds (0d 0h 0m 45s)

---------------  T H R E A D  ---------------

Current thread (0x000001f2b33ed070):  VMThread "VM Thread" [stack: 0x00000080a9d00000,0x00000080a9e00000] [id=7344]

Stack: [0x00000080a9d00000,0x00000080a9e00000]
Native frames: (J=compiled Java code, j=interpreted, Vv=VM code, C=native code)
V  [jvm.dll+0x681069]
V  [jvm.dll+0x838cca]
V  [jvm.dll+0x83a78e]
V  [jvm.dll+0x83adf3]
V  [jvm.dll+0x24826f]
V  [jvm.dll+0x67dd99]
V  [jvm.dll+0x67286a]
V  [jvm.dll+0x30826b]
V  [jvm.dll+0x30f756]
V  [jvm.dll+0x35face]
V  [jvm.dll+0x35fd0f]
V  [jvm.dll+0x2df21c]
V  [jvm.dll+0x2dd5df]
V  [jvm.dll+0x2dcd0c]
V  [jvm.dll+0x3204ab]
V  [jvm.dll+0x83f2ed]
V  [jvm.dll+0x840032]
V  [jvm.dll+0x84055f]
V  [jvm.dll+0x840944]
V  [jvm.dll+0x840a10]
V  [jvm.dll+0x7e7f6c]
V  [jvm.dll+0x67ff37]
C  [ucrtbase.dll+0x21bb2]
C  [KERNEL32.DLL+0x17374]
C  [ntdll.dll+0x4cc91]

VM_Operation (0x00000080a97fc750): G1CollectForAllocation, mode: safepoint, requested by thread 0x000001f293cd0280


---------------  P R O C E S S  ---------------

Threads class SMR info:
_java_thread_list=0x000001f2fc8cb0b0, length=13, elements={
0x000001f293cd0280, 0x000001f2b33f42c0, 0x000001f2b33f58e0, 0x000001f2b340ce00,
0x000001f2b340edd0, 0x000001f2b34117a0, 0x000001f2b3413170, 0x000001f2b3413e60,
0x000001f2b3414860, 0x000001f2b3417270, 0x000001f2b366f110, 0x000001f2b3665760,
0x000001f2fd1f61f0
}

Java Threads: ( => current thread )
  0x000001f293cd0280 JavaThread "main" [_thread_blocked, id=11948, stack(0x00000080a9700000,0x00000080a9800000)]
  0x000001f2b33f42c0 JavaThread "Reference Handler" daemon [_thread_blocked, id=22032, stack(0x00000080a9e00000,0x00000080a9f00000)]
  0x000001f2b33f58e0 JavaThread "Finalizer" daemon [_thread_blocked, id=4848, stack(0x00000080a9f00000,0x00000080aa000000)]
  0x000001f2b340ce00 JavaThread "Signal Dispatcher" daemon [_thread_blocked, id=14240, stack(0x00000080aa100000,0x00000080aa200000)]
  0x000001f2b340edd0 JavaThread "Attach Listener" daemon [_thread_blocked, id=18240, stack(0x00000080aa200000,0x00000080aa300000)]
  0x000001f2b34117a0 JavaThread "Service Thread" daemon [_thread_blocked, id=18628, stack(0x00000080aa300000,0x00000080aa400000)]
  0x000001f2b3413170 JavaThread "Monitor Deflation Thread" daemon [_thread_blocked, id=2488, stack(0x00000080aa400000,0x00000080aa500000)]
  0x000001f2b3413e60 JavaThread "C2 CompilerThread0" daemon [_thread_blocked, id=5676, stack(0x00000080aa500000,0x00000080aa600000)]
  0x000001f2b3414860 JavaThread "C1 CompilerThread0" daemon [_thread_blocked, id=14072, stack(0x00000080aa600000,0x00000080aa700000)]
  0x000001f2b3417270 JavaThread "Sweeper thread" daemon [_thread_blocked, id=11116, stack(0x00000080aa700000,0x00000080aa800000)]
  0x000001f2b366f110 JavaThread "Notification Thread" daemon [_thread_blocked, id=18760, stack(0x00000080aa800000,0x00000080aa900000)]
  0x000001f2b3665760 JavaThread "Common-Cleaner" daemon [_thread_blocked, id=16844, stack(0x00000080aaa00000,0x00000080aab00000)]
  0x000001f2fd1f61f0 JavaThread "C2 CompilerThread1" daemon [_thread_blocked, id=17088, stack(0x00000080ab000000,0x00000080ab100000)]

Other Threads:
=>0x000001f2b33ed070 VMThread "VM Thread" [stack: 0x00000080a9d00000,0x00000080a9e00000] [id=7344]
  0x000001f2b3670210 WatcherThread [stack: 0x00000080aa900000,0x00000080aaa00000] [id=5356]
  0x000001f293d29820 GCTaskThread "GC Thread#0" [stack: 0x00000080a9800000,0x00000080a9900000] [id=8188]
  0x000001f2f9199b60 GCTaskThread "GC Thread#1" [stack: 0x00000080aab00000,0x00000080aac00000] [id=21616]
  0x000001f2f9199e20 GCTaskThread "GC Thread#2" [stack: 0x00000080aac00000,0x00000080aad00000] [id=21008]
  0x000001f2f92453c0 GCTaskThread "GC Thread#3" [stack: 0x00000080aad00000,0x00000080aae00000] [id=15820]
  0x000001f2f91c2eb0 GCTaskThread "GC Thread#4" [stack: 0x00000080aae00000,0x00000080aaf00000] [id=4580]
  0x000001f2f91c3170 GCTaskThread "GC Thread#5" [stack: 0x00000080aaf00000,0x00000080ab000000] [id=18800]
  0x000001f2f97b1810 GCTaskThread "GC Thread#6" [stack: 0x00000080ab200000,0x00000080ab300000] [id=19668]
  0x000001f2fb223700 GCTaskThread "GC Thread#7" [stack: 0x00000080ab300000,0x00000080ab400000] [id=12116]
  0x000001f293d3a3f0 ConcurrentGCThread "G1 Main Marker" [stack: 0x00000080a9900000,0x00000080a9a00000] [id=14028]
  0x000001f293d3ae10 ConcurrentGCThread "G1 Conc#0" [stack: 0x00000080a9a00000,0x00000080a9b00000] [id=14752]
  0x000001f2fb9c3ee0 ConcurrentGCThread "G1 Conc#1" [stack: 0x00000080ab100000,0x00000080ab200000] [id=6704]
  0x000001f2b32a60e0 ConcurrentGCThread "G1 Refine#0" [stack: 0x00000080a9b00000,0x00000080a9c00000] [id=1084]
  0x000001f2fc2298d0 ConcurrentGCThread "G1 Refine#1" [stack: 0x00000080ab400000,0x00000080ab500000] [id=17452]
  0x000001f2fc228d10 ConcurrentGCThread "G1 Refine#2" [stack: 0x00000080ab500000,0x00000080ab600000] [id=21808]
  0x000001f2b32a6b10 ConcurrentGCThread "G1 Service" [stack: 0x00000080a9c00000,0x00000080a9d00000] [id=13880]

Threads with active compile tasks:
C2 CompilerThread0    45916 16754       4       org.jetbrains.kotlin.ir.visitors.IrTypeVisitorVoid::visitTypeRecursively (106 bytes)
C1 CompilerThread0    45916 16853       2       org.jetbrains.kotlin.com.intellij.psi.stubs.MaterialStubList$1::visitStub (110 bytes)
C2 CompilerThread1    45916 16683   !   4       org.jetbrains.kotlin.ir.interpreter.transformer.IrConstAnnotationTransformer::transformAnnotations (134 bytes)

VM state: at safepoint (normal execution)

VM Mutex/Monitor currently owned by a thread:  ([mutex/lock_event])
[0x000001f293ccb850] Threads_lock - owner thread: 0x000001f2b33ed070
[0x000001f293cca530] Heap_lock - owner thread: 0x000001f293cd0280

Heap address: 0x0000000081c00000, size: 2020 MB, Compressed Oops mode: 32-bit

CDS archive(s) mapped at: [0x000001f2b4000000-0x000001f2b4bc0000-0x000001f2b4bc0000), size 12320768, SharedBaseAddress: 0x000001f2b4000000, ArchiveRelocationMode: 1.
Compressed class space mapped at: 0x000001f2b5000000-0x000001f2f5000000, reserved size: 1073741824
Narrow klass base: 0x000001f2b4000000, Narrow klass shift: 0, Narrow klass range: 0x100000000

GC Precious Log:
 CPUs: 8 total, 8 available
 Memory: 8078M
 Large Page Support: Disabled
 NUMA Support: Disabled
 Compressed Oops: Enabled (32-bit)
 Heap Region Size: 1M
 Heap Min Capacity: 8M
 Heap Initial Capacity: 128M
 Heap Max Capacity: 2020M
 Pre-touch: Disabled
 Parallel Workers: 8
 Concurrent Workers: 2
 Concurrent Refinement Workers: 8
 Periodic GC: Disabled

Heap:
 garbage-first heap   total 291840K, used 168384K [0x0000000081c00000, 0x0000000100000000)
  region size 1024K, 2 young (2048K), 2 survivors (2048K)
 Metaspace       used 71306K, committed 71616K, reserved 1114112K
  class space    used 7496K, committed 7616K, reserved 1048576K

Heap Regions: E=young(eden), S=young(survivor), O=old, HS=humongous(starts), HC=humongous(continues), CS=collection set, F=free, OA=open archive, CA=closed archive, TAMS=top-at-mark-start (previous, next)
|   0|0x0000000081c00000, 0x0000000081d00000, 0x0000000081d00000|100%|HS|  |TAMS 0x0000000081d00000, 0x0000000081c00000| Complete 
|   1|0x0000000081d00000, 0x0000000081e00000, 0x0000000081e00000|100%|HC|  |TAMS 0x0000000081e00000, 0x0000000081d00000| Complete 
|   2|0x0000000081e00000, 0x0000000081f00000, 0x0000000081f00000|100%|HC|  |TAMS 0x0000000081f00000, 0x0000000081e00000| Complete 
|   3|0x0000000081f00000, 0x0000000082000000, 0x0000000082000000|100%| O|  |TAMS 0x0000000082000000, 0x0000000081f00000| Untracked 
|   4|0x0000000082000000, 0x0000000082100000, 0x0000000082100000|100%| O|  |TAMS 0x0000000082100000, 0x0000000082000000| Untracked 
|   5|0x0000000082100000, 0x0000000082200000, 0x0000000082200000|100%| O|  |TAMS 0x0000000082200000, 0x0000000082100000| Untracked 
|   6|0x0000000082200000, 0x0000000082300000, 0x0000000082300000|100%| O|  |TAMS 0x0000000082300000, 0x0000000082200000| Untracked 
|   7|0x0000000082300000, 0x0000000082400000, 0x0000000082400000|100%| O|  |TAMS 0x0000000082400000, 0x0000000082300000| Untracked 
|   8|0x0000000082400000, 0x0000000082500000, 0x0000000082500000|100%| O|  |TAMS 0x0000000082500000, 0x0000000082400000| Untracked 
|   9|0x0000000082500000, 0x0000000082600000, 0x0000000082600000|100%| O|  |TAMS 0x0000000082600000, 0x0000000082500000| Untracked 
|  10|0x0000000082600000, 0x0000000082700000, 0x0000000082700000|100%| O|  |TAMS 0x0000000082700000, 0x0000000082600000| Untracked 
|  11|0x0000000082700000, 0x0000000082800000, 0x0000000082800000|100%| O|  |TAMS 0x0000000082800000, 0x0000000082700000| Untracked 
|  12|0x0000000082800000, 0x0000000082900000, 0x0000000082900000|100%| O|  |TAMS 0x0000000082900000, 0x0000000082800000| Untracked 
|  13|0x0000000082900000, 0x0000000082a00000, 0x0000000082a00000|100%| O|  |TAMS 0x0000000082a00000, 0x0000000082900000| Untracked 
|  14|0x0000000082a00000, 0x0000000082b00000, 0x0000000082b00000|100%| O|  |TAMS 0x0000000082b00000, 0x0000000082a00000| Untracked 
|  15|0x0000000082b00000, 0x0000000082c00000, 0x0000000082c00000|100%| O|  |TAMS 0x0000000082c00000, 0x0000000082b00000| Untracked 
|  16|0x0000000082c00000, 0x0000000082d00000, 0x0000000082d00000|100%| O|  |TAMS 0x0000000082d00000, 0x0000000082c00000| Untracked 
|  17|0x0000000082d00000, 0x0000000082e00000, 0x0000000082e00000|100%| O|  |TAMS 0x0000000082e00000, 0x0000000082d00000| Untracked 
|  18|0x0000000082e00000, 0x0000000082f00000, 0x0000000082f00000|100%| O|  |TAMS 0x0000000082f00000, 0x0000000082e00000| Untracked 
|  19|0x0000000082f00000, 0x0000000083000000, 0x0000000083000000|100%| O|  |TAMS 0x0000000083000000, 0x0000000082f00000| Untracked 
|  20|0x0000000083000000, 0x0000000083100000, 0x0000000083100000|100%| O|  |TAMS 0x0000000083100000, 0x0000000083000000| Untracked 
|  21|0x0000000083100000, 0x0000000083200000, 0x0000000083200000|100%| O|  |TAMS 0x0000000083200000, 0x0000000083100000| Untracked 
|  22|0x0000000083200000, 0x0000000083300000, 0x0000000083300000|100%| O|  |TAMS 0x0000000083300000, 0x0000000083200000| Untracked 
|  23|0x0000000083300000, 0x0000000083400000, 0x0000000083400000|100%| O|  |TAMS 0x0000000083400000, 0x0000000083300000| Untracked 
|  24|0x0000000083400000, 0x0000000083500000, 0x0000000083500000|100%| O|  |TAMS 0x0000000083500000, 0x0000000083400000| Untracked 
|  25|0x0000000083500000, 0x0000000083600000, 0x0000000083600000|100%| O|  |TAMS 0x0000000083600000, 0x0000000083500000| Untracked 
|  26|0x0000000083600000, 0x0000000083700000, 0x0000000083700000|100%| O|  |TAMS 0x0000000083700000, 0x0000000083600000| Untracked 
|  27|0x0000000083700000, 0x0000000083800000, 0x0000000083800000|100%| O|  |TAMS 0x0000000083800000, 0x0000000083700000| Untracked 
|  28|0x0000000083800000, 0x0000000083900000, 0x0000000083900000|100%| O|  |TAMS 0x0000000083900000, 0x0000000083800000| Untracked 
|  29|0x0000000083900000, 0x0000000083a00000, 0x0000000083a00000|100%| O|  |TAMS 0x0000000083a00000, 0x0000000083900000| Untracked 
|  30|0x0000000083a00000, 0x0000000083b00000, 0x0000000083b00000|100%| O|  |TAMS 0x0000000083b00000, 0x0000000083a00000| Untracked 
|  31|0x0000000083b00000, 0x0000000083c00000, 0x0000000083c00000|100%| O|  |TAMS 0x0000000083c00000, 0x0000000083b00000| Untracked 
|  32|0x0000000083c00000, 0x0000000083d00000, 0x0000000083d00000|100%| O|  |TAMS 0x0000000083d00000, 0x0000000083c00000| Untracked 
|  33|0x0000000083d00000, 0x0000000083e00000, 0x0000000083e00000|100%| O|  |TAMS 0x0000000083e00000, 0x0000000083d00000| Untracked 
|  34|0x0000000083e00000, 0x0000000083f00000, 0x0000000083f00000|100%| O|  |TAMS 0x0000000083f00000, 0x0000000083e00000| Untracked 
|  35|0x0000000083f00000, 0x0000000084000000, 0x0000000084000000|100%| O|  |TAMS 0x0000000084000000, 0x0000000083f00000| Untracked 
|  36|0x0000000084000000, 0x0000000084100000, 0x0000000084100000|100%| O|  |TAMS 0x0000000084100000, 0x0000000084000000| Untracked 
|  37|0x0000000084100000, 0x0000000084200000, 0x0000000084200000|100%| O|  |TAMS 0x0000000084200000, 0x0000000084100000| Untracked 
|  38|0x0000000084200000, 0x0000000084300000, 0x0000000084300000|100%| O|  |TAMS 0x0000000084300000, 0x0000000084200000| Untracked 
|  39|0x0000000084300000, 0x0000000084400000, 0x0000000084400000|100%| O|  |TAMS 0x0000000084400000, 0x0000000084300000| Untracked 
|  40|0x0000000084400000, 0x0000000084500000, 0x0000000084500000|100%| O|  |TAMS 0x0000000084500000, 0x0000000084400000| Untracked 
|  41|0x0000000084500000, 0x0000000084600000, 0x0000000084600000|100%| O|  |TAMS 0x0000000084600000, 0x0000000084500000| Untracked 
|  42|0x0000000084600000, 0x0000000084700000, 0x0000000084700000|100%| O|  |TAMS 0x0000000084700000, 0x0000000084600000| Untracked 
|  43|0x0000000084700000, 0x0000000084800000, 0x0000000084800000|100%| O|  |TAMS 0x0000000084800000, 0x0000000084700000| Untracked 
|  44|0x0000000084800000, 0x0000000084900000, 0x0000000084900000|100%| O|  |TAMS 0x0000000084800000, 0x0000000084800000| Untracked 
|  45|0x0000000084900000, 0x0000000084a00000, 0x0000000084a00000|100%| O|  |TAMS 0x0000000084a00000, 0x0000000084900000| Untracked 
|  46|0x0000000084a00000, 0x0000000084b00000, 0x0000000084b00000|100%| O|  |TAMS 0x0000000084b00000, 0x0000000084a00000| Untracked 
|  47|0x0000000084b00000, 0x0000000084c00000, 0x0000000084c00000|100%| O|  |TAMS 0x0000000084c00000, 0x0000000084b00000| Untracked 
|  48|0x0000000084c00000, 0x0000000084d00000, 0x0000000084d00000|100%| O|  |TAMS 0x0000000084d00000, 0x0000000084c00000| Untracked 
|  49|0x0000000084d00000, 0x0000000084e00000, 0x0000000084e00000|100%| O|  |TAMS 0x0000000084e00000, 0x0000000084d00000| Untracked 
|  50|0x0000000084e00000, 0x0000000084f00000, 0x0000000084f00000|100%| O|  |TAMS 0x0000000084f00000, 0x0000000084e00000| Untracked 
|  51|0x0000000084f00000, 0x0000000085000000, 0x0000000085000000|100%| O|  |TAMS 0x0000000085000000, 0x0000000084f00000| Untracked 
|  52|0x0000000085000000, 0x0000000085100000, 0x0000000085100000|100%| O|  |TAMS 0x0000000085100000, 0x0000000085000000| Untracked 
|  53|0x0000000085100000, 0x0000000085200000, 0x0000000085200000|100%| O|  |TAMS 0x0000000085200000, 0x0000000085100000| Untracked 
|  54|0x0000000085200000, 0x0000000085300000, 0x0000000085300000|100%| O|  |TAMS 0x0000000085300000, 0x0000000085200000| Untracked 
|  55|0x0000000085300000, 0x0000000085400000, 0x0000000085400000|100%| O|  |TAMS 0x0000000085400000, 0x0000000085300000| Untracked 
|  56|0x0000000085400000, 0x0000000085500000, 0x0000000085500000|100%| O|  |TAMS 0x0000000085500000, 0x0000000085400000| Untracked 
|  57|0x0000000085500000, 0x0000000085600000, 0x0000000085600000|100%| O|  |TAMS 0x0000000085600000, 0x0000000085500000| Untracked 
|  58|0x0000000085600000, 0x0000000085700000, 0x0000000085700000|100%| O|  |TAMS 0x0000000085700000, 0x0000000085600000| Untracked 
|  59|0x0000000085700000, 0x0000000085800000, 0x0000000085800000|100%| O|  |TAMS 0x0000000085800000, 0x0000000085700000| Untracked 
|  60|0x0000000085800000, 0x0000000085900000, 0x0000000085900000|100%| O|  |TAMS 0x0000000085900000, 0x0000000085800000| Untracked 
|  61|0x0000000085900000, 0x0000000085a00000, 0x0000000085a00000|100%| O|  |TAMS 0x0000000085a00000, 0x0000000085900000| Untracked 
|  62|0x0000000085a00000, 0x0000000085b00000, 0x0000000085b00000|100%| O|  |TAMS 0x0000000085b00000, 0x0000000085a00000| Untracked 
|  63|0x0000000085b00000, 0x0000000085c00000, 0x0000000085c00000|100%| O|  |TAMS 0x0000000085c00000, 0x0000000085b00000| Untracked 
|  64|0x0000000085c00000, 0x0000000085d00000, 0x0000000085d00000|100%| O|  |TAMS 0x0000000085d00000, 0x0000000085c00000| Untracked 
|  65|0x0000000085d00000, 0x0000000085e00000, 0x0000000085e00000|100%| O|  |TAMS 0x0000000085e00000, 0x0000000085d00000| Untracked 
|  66|0x0000000085e00000, 0x0000000085f00000, 0x0000000085f00000|100%| O|  |TAMS 0x0000000085f00000, 0x0000000085e00000| Untracked 
|  67|0x0000000085f00000, 0x0000000086000000, 0x0000000086000000|100%| O|  |TAMS 0x0000000086000000, 0x0000000085f00000| Untracked 
|  68|0x0000000086000000, 0x0000000086100000, 0x0000000086100000|100%| O|  |TAMS 0x0000000086100000, 0x0000000086000000| Untracked 
|  69|0x0000000086100000, 0x0000000086200000, 0x0000000086200000|100%| O|  |TAMS 0x0000000086200000, 0x0000000086100000| Untracked 
|  70|0x0000000086200000, 0x0000000086300000, 0x0000000086300000|100%| O|  |TAMS 0x0000000086300000, 0x0000000086200000| Untracked 
|  71|0x0000000086300000, 0x0000000086400000, 0x0000000086400000|100%| O|  |TAMS 0x0000000086400000, 0x0000000086300000| Untracked 
|  72|0x0000000086400000, 0x0000000086500000, 0x0000000086500000|100%| O|  |TAMS 0x0000000086500000, 0x0000000086400000| Untracked 
|  73|0x0000000086500000, 0x0000000086600000, 0x0000000086600000|100%| O|  |TAMS 0x0000000086600000, 0x0000000086500000| Untracked 
|  74|0x0000000086600000, 0x0000000086700000, 0x0000000086700000|100%| O|  |TAMS 0x0000000086700000, 0x0000000086600000| Untracked 
|  75|0x0000000086700000, 0x0000000086800000, 0x0000000086800000|100%| O|  |TAMS 0x0000000086800000, 0x0000000086700000| Untracked 
|  76|0x0000000086800000, 0x0000000086900000, 0x0000000086900000|100%| O|  |TAMS 0x0000000086900000, 0x0000000086800000| Untracked 
|  77|0x0000000086900000, 0x0000000086a00000, 0x0000000086a00000|100%| O|  |TAMS 0x0000000086a00000, 0x0000000086900000| Untracked 
|  78|0x0000000086a00000, 0x0000000086b00000, 0x0000000086b00000|100%| O|  |TAMS 0x0000000086b00000, 0x0000000086a00000| Untracked 
|  79|0x0000000086b00000, 0x0000000086c00000, 0x0000000086c00000|100%| O|  |TAMS 0x0000000086c00000, 0x0000000086b00000| Untracked 
|  80|0x0000000086c00000, 0x0000000086d00000, 0x0000000086d00000|100%| O|  |TAMS 0x0000000086d00000, 0x0000000086c00000| Untracked 
|  81|0x0000000086d00000, 0x0000000086e00000, 0x0000000086e00000|100%| O|  |TAMS 0x0000000086e00000, 0x0000000086d00000| Untracked 
|  82|0x0000000086e00000, 0x0000000086f00000, 0x0000000086f00000|100%| O|  |TAMS 0x0000000086f00000, 0x0000000086e00000| Untracked 
|  83|0x0000000086f00000, 0x0000000087000000, 0x0000000087000000|100%| O|  |TAMS 0x0000000087000000, 0x0000000086f00000| Untracked 
|  84|0x0000000087000000, 0x0000000087100000, 0x0000000087100000|100%| O|  |TAMS 0x0000000087100000, 0x0000000087000000| Untracked 
|  85|0x0000000087100000, 0x0000000087200000, 0x0000000087200000|100%| O|  |TAMS 0x0000000087200000, 0x0000000087100000| Untracked 
|  86|0x0000000087200000, 0x0000000087300000, 0x0000000087300000|100%| O|  |TAMS 0x0000000087300000, 0x0000000087200000| Untracked 
|  87|0x0000000087300000, 0x0000000087400000, 0x0000000087400000|100%| O|  |TAMS 0x0000000087400000, 0x0000000087300000| Untracked 
|  88|0x0000000087400000, 0x0000000087500000, 0x0000000087500000|100%| O|  |TAMS 0x0000000087500000, 0x0000000087400000| Untracked 
|  89|0x0000000087500000, 0x0000000087600000, 0x0000000087600000|100%| O|  |TAMS 0x0000000087600000, 0x0000000087500000| Untracked 
|  90|0x0000000087600000, 0x0000000087700000, 0x0000000087700000|100%| O|  |TAMS 0x0000000087700000, 0x0000000087600000| Untracked 
|  91|0x0000000087700000, 0x0000000087800000, 0x0000000087800000|100%| O|  |TAMS 0x0000000087800000, 0x0000000087700000| Untracked 
|  92|0x0000000087800000, 0x0000000087900000, 0x0000000087900000|100%| O|  |TAMS 0x0000000087900000, 0x0000000087800000| Untracked 
|  93|0x0000000087900000, 0x0000000087a00000, 0x0000000087a00000|100%| O|  |TAMS 0x0000000087a00000, 0x0000000087900000| Untracked 
|  94|0x0000000087a00000, 0x0000000087b00000, 0x0000000087b00000|100%| O|  |TAMS 0x0000000087b00000, 0x0000000087a00000| Untracked 
|  95|0x0000000087b00000, 0x0000000087c00000, 0x0000000087c00000|100%| O|  |TAMS 0x0000000087c00000, 0x0000000087b00000| Untracked 
|  96|0x0000000087c00000, 0x0000000087d00000, 0x0000000087d00000|100%| O|  |TAMS 0x0000000087d00000, 0x0000000087c00000| Untracked 
|  97|0x0000000087d00000, 0x0000000087e00000, 0x0000000087e00000|100%| O|  |TAMS 0x0000000087e00000, 0x0000000087d00000| Untracked 
|  98|0x0000000087e00000, 0x0000000087f00000, 0x0000000087f00000|100%| O|  |TAMS 0x0000000087f00000, 0x0000000087e00000| Untracked 
|  99|0x0000000087f00000, 0x0000000088000000, 0x0000000088000000|100%| O|  |TAMS 0x0000000088000000, 0x0000000087f00000| Untracked 
| 100|0x0000000088000000, 0x0000000088100000, 0x0000000088100000|100%| O|  |TAMS 0x0000000088100000, 0x0000000088000000| Untracked 
| 101|0x0000000088100000, 0x0000000088200000, 0x0000000088200000|100%| O|  |TAMS 0x0000000088200000, 0x0000000088100000| Untracked 
| 102|0x0000000088200000, 0x0000000088300000, 0x0000000088300000|100%| O|  |TAMS 0x0000000088300000, 0x0000000088200000| Untracked 
| 103|0x0000000088300000, 0x0000000088400000, 0x0000000088400000|100%| O|  |TAMS 0x0000000088400000, 0x0000000088300000| Untracked 
| 104|0x0000000088400000, 0x0000000088500000, 0x0000000088500000|100%| O|  |TAMS 0x0000000088500000, 0x0000000088400000| Untracked 
| 105|0x0000000088500000, 0x0000000088600000, 0x0000000088600000|100%| O|  |TAMS 0x0000000088600000, 0x0000000088500000| Untracked 
| 106|0x0000000088600000, 0x0000000088700000, 0x0000000088700000|100%| O|  |TAMS 0x0000000088700000, 0x0000000088600000| Untracked 
| 107|0x0000000088700000, 0x0000000088800000, 0x0000000088800000|100%| O|  |TAMS 0x0000000088800000, 0x0000000088700000| Untracked 
| 108|0x0000000088800000, 0x0000000088900000, 0x0000000088900000|100%| O|  |TAMS 0x0000000088900000, 0x0000000088800000| Untracked 
| 109|0x0000000088900000, 0x0000000088a00000, 0x0000000088a00000|100%| O|  |TAMS 0x0000000088a00000, 0x0000000088900000| Untracked 
| 110|0x0000000088a00000, 0x0000000088b00000, 0x0000000088b00000|100%| O|  |TAMS 0x0000000088b00000, 0x0000000088a00000| Untracked 
| 111|0x0000000088b00000, 0x0000000088c00000, 0x0000000088c00000|100%| O|  |TAMS 0x0000000088c00000, 0x0000000088b00000| Untracked 
| 112|0x0000000088c00000, 0x0000000088d00000, 0x0000000088d00000|100%| O|  |TAMS 0x0000000088d00000, 0x0000000088c00000| Untracked 
| 113|0x0000000088d00000, 0x0000000088e00000, 0x0000000088e00000|100%| O|  |TAMS 0x0000000088e00000, 0x0000000088d00000| Untracked 
| 114|0x0000000088e00000, 0x0000000088f00000, 0x0000000088f00000|100%| O|  |TAMS 0x0000000088f00000, 0x0000000088e00000| Untracked 
| 115|0x0000000088f00000, 0x0000000089000000, 0x0000000089000000|100%| O|  |TAMS 0x0000000089000000, 0x0000000088f00000| Untracked 
| 116|0x0000000089000000, 0x0000000089100000, 0x0000000089100000|100%| O|  |TAMS 0x0000000089100000, 0x0000000089000000| Untracked 
| 117|0x0000000089100000, 0x0000000089200000, 0x0000000089200000|100%| O|  |TAMS 0x0000000089200000, 0x0000000089100000| Untracked 
| 118|0x0000000089200000, 0x0000000089300000, 0x0000000089300000|100%| O|  |TAMS 0x0000000089300000, 0x0000000089200000| Untracked 
| 119|0x0000000089300000, 0x0000000089400000, 0x0000000089400000|100%| O|  |TAMS 0x0000000089400000, 0x0000000089300000| Untracked 
| 120|0x0000000089400000, 0x0000000089500000, 0x0000000089500000|100%| O|  |TAMS 0x0000000089500000, 0x0000000089400000| Untracked 
| 121|0x0000000089500000, 0x0000000089600000, 0x0000000089600000|100%| O|  |TAMS 0x0000000089600000, 0x0000000089500000| Untracked 
| 122|0x0000000089600000, 0x0000000089700000, 0x0000000089700000|100%| O|  |TAMS 0x0000000089700000, 0x0000000089600000| Untracked 
| 123|0x0000000089700000, 0x0000000089800000, 0x0000000089800000|100%| O|  |TAMS 0x0000000089800000, 0x0000000089700000| Untracked 
| 124|0x0000000089800000, 0x0000000089900000, 0x0000000089900000|100%| O|  |TAMS 0x0000000089900000, 0x0000000089800000| Untracked 
| 125|0x0000000089900000, 0x0000000089a00000, 0x0000000089a00000|100%| O|  |TAMS 0x0000000089a00000, 0x0000000089900000| Untracked 
| 126|0x0000000089a00000, 0x0000000089b00000, 0x0000000089b00000|100%| O|  |TAMS 0x0000000089b00000, 0x0000000089a00000| Untracked 
| 127|0x0000000089b00000, 0x0000000089c00000, 0x0000000089c00000|100%| O|  |TAMS 0x0000000089c00000, 0x0000000089b00000| Untracked 
| 128|0x0000000089c00000, 0x0000000089d00000, 0x0000000089d00000|100%| O|  |TAMS 0x0000000089d00000, 0x0000000089c00000| Untracked 
| 129|0x0000000089d00000, 0x0000000089e00000, 0x0000000089e00000|100%| O|  |TAMS 0x0000000089e00000, 0x0000000089d00000| Untracked 
| 130|0x0000000089e00000, 0x0000000089f00000, 0x0000000089f00000|100%| O|  |TAMS 0x0000000089f00000, 0x0000000089e00000| Untracked 
| 131|0x0000000089f00000, 0x000000008a000000, 0x000000008a000000|100%| O|  |TAMS 0x000000008a000000, 0x0000000089f00000| Untracked 
| 132|0x000000008a000000, 0x000000008a100000, 0x000000008a100000|100%| O|  |TAMS 0x000000008a100000, 0x000000008a000000| Untracked 
| 133|0x000000008a100000, 0x000000008a200000, 0x000000008a200000|100%| O|  |TAMS 0x000000008a200000, 0x000000008a100000| Untracked 
| 134|0x000000008a200000, 0x000000008a300000, 0x000000008a300000|100%| O|  |TAMS 0x000000008a300000, 0x000000008a200000| Untracked 
| 135|0x000000008a300000, 0x000000008a400000, 0x000000008a400000|100%| O|  |TAMS 0x000000008a400000, 0x000000008a300000| Untracked 
| 136|0x000000008a400000, 0x000000008a400000, 0x000000008a500000|  0%| F|  |TAMS 0x000000008a400000, 0x000000008a400000| Untracked 
| 137|0x000000008a500000, 0x000000008a500000, 0x000000008a600000|  0%| F|  |TAMS 0x000000008a500000, 0x000000008a500000| Untracked 
| 138|0x000000008a600000, 0x000000008a700000, 0x000000008a700000|100%| O|  |TAMS 0x000000008a600000, 0x000000008a600000| Untracked 
| 139|0x000000008a700000, 0x000000008a800000, 0x000000008a800000|100%| O|  |TAMS 0x000000008a700000, 0x000000008a700000| Untracked 
| 140|0x000000008a800000, 0x000000008a900000, 0x000000008a900000|100%| O|  |TAMS 0x000000008a800000, 0x000000008a800000| Untracked 
| 141|0x000000008a900000, 0x000000008aa00000, 0x000000008aa00000|100%| O|  |TAMS 0x000000008a900000, 0x000000008a900000| Untracked 
| 142|0x000000008aa00000, 0x000000008ab00000, 0x000000008ab00000|100%| O|  |TAMS 0x000000008aa00000, 0x000000008aa00000| Untracked 
| 143|0x000000008ab00000, 0x000000008ac00000, 0x000000008ac00000|100%| O|  |TAMS 0x000000008ab00000, 0x000000008ab00000| Untracked 
| 144|0x000000008ac00000, 0x000000008ad00000, 0x000000008ad00000|100%|HS|  |TAMS 0x000000008ac00000, 0x000000008ac00000| Complete 
| 145|0x000000008ad00000, 0x000000008ae00000, 0x000000008ae00000|100%| O|  |TAMS 0x000000008ad00000, 0x000000008ad00000| Untracked 
| 146|0x000000008ae00000, 0x000000008af00000, 0x000000008af00000|100%| O|  |TAMS 0x000000008ae00000, 0x000000008ae00000| Untracked 
| 147|0x000000008af00000, 0x000000008b000000, 0x000000008b000000|100%| O|  |TAMS 0x000000008af00000, 0x000000008af00000| Untracked 
| 148|0x000000008b000000, 0x000000008b100000, 0x000000008b100000|100%| O|  |TAMS 0x000000008b000000, 0x000000008b000000| Untracked 
| 149|0x000000008b100000, 0x000000008b200000, 0x000000008b200000|100%| O|  |TAMS 0x000000008b100000, 0x000000008b100000| Untracked 
| 150|0x000000008b200000, 0x000000008b300000, 0x000000008b300000|100%| O|  |TAMS 0x000000008b200000, 0x000000008b200000| Untracked 
| 151|0x000000008b300000, 0x000000008b400000, 0x000000008b400000|100%| O|  |TAMS 0x000000008b300000, 0x000000008b300000| Untracked 
| 152|0x000000008b400000, 0x000000008b500000, 0x000000008b500000|100%| O|  |TAMS 0x000000008b400000, 0x000000008b400000| Untracked 
| 153|0x000000008b500000, 0x000000008b600000, 0x000000008b600000|100%| O|  |TAMS 0x000000008b500000, 0x000000008b500000| Untracked 
| 154|0x000000008b600000, 0x000000008b700000, 0x000000008b700000|100%| O|  |TAMS 0x000000008b600000, 0x000000008b600000| Untracked 
| 155|0x000000008b700000, 0x000000008b800000, 0x000000008b800000|100%| O|  |TAMS 0x000000008b700000, 0x000000008b700000| Untracked 
| 156|0x000000008b800000, 0x000000008b900000, 0x000000008b900000|100%| O|  |TAMS 0x000000008b800000, 0x000000008b800000| Untracked 
| 157|0x000000008b900000, 0x000000008ba00000, 0x000000008ba00000|100%| O|  |TAMS 0x000000008b900000, 0x000000008b900000| Untracked 
| 158|0x000000008ba00000, 0x000000008bb00000, 0x000000008bb00000|100%| O|  |TAMS 0x000000008ba00000, 0x000000008ba00000| Untracked 
| 159|0x000000008bb00000, 0x000000008bc00000, 0x000000008bc00000|100%| O|  |TAMS 0x000000008bb00000, 0x000000008bb00000| Untracked 
| 160|0x000000008bc00000, 0x000000008bd00000, 0x000000008bd00000|100%| O|  |TAMS 0x000000008bc00000, 0x000000008bc00000| Untracked 
| 161|0x000000008bd00000, 0x000000008be00000, 0x000000008be00000|100%| O|  |TAMS 0x000000008bd00000, 0x000000008bd00000| Untracked 
| 162|0x000000008be00000, 0x000000008bf00000, 0x000000008bf00000|100%| O|  |TAMS 0x000000008be00000, 0x000000008be00000| Untracked 
| 163|0x000000008bf00000, 0x000000008c000000, 0x000000008c000000|100%| O|  |TAMS 0x000000008bf00000, 0x000000008bf00000| Untracked 
| 164|0x000000008c000000, 0x000000008c0ede00, 0x000000008c100000| 92%| O|  |TAMS 0x000000008c000000, 0x000000008c000000| Untracked 
| 165|0x000000008c100000, 0x000000008c100000, 0x000000008c200000|  0%| F|  |TAMS 0x000000008c100000, 0x000000008c100000| Untracked 
| 166|0x000000008c200000, 0x000000008c200000, 0x000000008c300000|  0%| F|  |TAMS 0x000000008c200000, 0x000000008c200000| Untracked 
| 167|0x000000008c300000, 0x000000008c300000, 0x000000008c400000|  0%| F|  |TAMS 0x000000008c300000, 0x000000008c300000| Untracked 
| 168|0x000000008c400000, 0x000000008c400000, 0x000000008c500000|  0%| F|  |TAMS 0x000000008c400000, 0x000000008c400000| Untracked 
| 169|0x000000008c500000, 0x000000008c500000, 0x000000008c600000|  0%| F|  |TAMS 0x000000008c500000, 0x000000008c500000| Untracked 
| 170|0x000000008c600000, 0x000000008c600000, 0x000000008c700000|  0%| F|  |TAMS 0x000000008c600000, 0x000000008c600000| Untracked 
| 171|0x000000008c700000, 0x000000008c700000, 0x000000008c800000|  0%| F|  |TAMS 0x000000008c700000, 0x000000008c700000| Untracked 
| 172|0x000000008c800000, 0x000000008c800000, 0x000000008c900000|  0%| F|  |TAMS 0x000000008c800000, 0x000000008c800000| Untracked 
| 173|0x000000008c900000, 0x000000008c900000, 0x000000008ca00000|  0%| F|  |TAMS 0x000000008c900000, 0x000000008c900000| Untracked 
| 174|0x000000008ca00000, 0x000000008ca00000, 0x000000008cb00000|  0%| F|  |TAMS 0x000000008ca00000, 0x000000008ca00000| Untracked 
| 175|0x000000008cb00000, 0x000000008cb00000, 0x000000008cc00000|  0%| F|  |TAMS 0x000000008cb00000, 0x000000008cb00000| Untracked 
| 176|0x000000008cc00000, 0x000000008cc00000, 0x000000008cd00000|  0%| F|  |TAMS 0x000000008cc00000, 0x000000008cc00000| Untracked 
| 177|0x000000008cd00000, 0x000000008cd00000, 0x000000008ce00000|  0%| F|  |TAMS 0x000000008cd00000, 0x000000008cd00000| Untracked 
| 178|0x000000008ce00000, 0x000000008ce00000, 0x000000008cf00000|  0%| F|  |TAMS 0x000000008ce00000, 0x000000008ce00000| Untracked 
| 179|0x000000008cf00000, 0x000000008cf00000, 0x000000008d000000|  0%| F|  |TAMS 0x000000008cf00000, 0x000000008cf00000| Untracked 
| 180|0x000000008d000000, 0x000000008d000000, 0x000000008d100000|  0%| F|  |TAMS 0x000000008d000000, 0x000000008d000000| Untracked 
| 181|0x000000008d100000, 0x000000008d100000, 0x000000008d200000|  0%| F|  |TAMS 0x000000008d100000, 0x000000008d100000| Untracked 
| 182|0x000000008d200000, 0x000000008d200000, 0x000000008d300000|  0%| F|  |TAMS 0x000000008d200000, 0x000000008d200000| Untracked 
| 183|0x000000008d300000, 0x000000008d300000, 0x000000008d400000|  0%| F|  |TAMS 0x000000008d300000, 0x000000008d300000| Untracked 
| 184|0x000000008d400000, 0x000000008d400000, 0x000000008d500000|  0%| F|  |TAMS 0x000000008d400000, 0x000000008d400000| Untracked 
| 185|0x000000008d500000, 0x000000008d500000, 0x000000008d600000|  0%| F|  |TAMS 0x000000008d500000, 0x000000008d500000| Untracked 
| 186|0x000000008d600000, 0x000000008d600000, 0x000000008d700000|  0%| F|  |TAMS 0x000000008d600000, 0x000000008d600000| Untracked 
| 187|0x000000008d700000, 0x000000008d700000, 0x000000008d800000|  0%| F|  |TAMS 0x000000008d700000, 0x000000008d700000| Untracked 
| 188|0x000000008d800000, 0x000000008d800000, 0x000000008d900000|  0%| F|  |TAMS 0x000000008d800000, 0x000000008d800000| Untracked 
| 189|0x000000008d900000, 0x000000008d900000, 0x000000008da00000|  0%| F|  |TAMS 0x000000008d900000, 0x000000008d900000| Untracked 
| 190|0x000000008da00000, 0x000000008da00000, 0x000000008db00000|  0%| F|  |TAMS 0x000000008da00000, 0x000000008da00000| Untracked 
| 191|0x000000008db00000, 0x000000008db00000, 0x000000008dc00000|  0%| F|  |TAMS 0x000000008db00000, 0x000000008db00000| Untracked 
| 192|0x000000008dc00000, 0x000000008dc00000, 0x000000008dd00000|  0%| F|  |TAMS 0x000000008dc00000, 0x000000008dc00000| Untracked 
| 193|0x000000008dd00000, 0x000000008dd00000, 0x000000008de00000|  0%| F|  |TAMS 0x000000008dd00000, 0x000000008dd00000| Untracked 
| 194|0x000000008de00000, 0x000000008de00000, 0x000000008df00000|  0%| F|  |TAMS 0x000000008de00000, 0x000000008de00000| Untracked 
| 195|0x000000008df00000, 0x000000008df00000, 0x000000008e000000|  0%| F|  |TAMS 0x000000008df00000, 0x000000008df00000| Untracked 
| 196|0x000000008e000000, 0x000000008e000000, 0x000000008e100000|  0%| F|  |TAMS 0x000000008e000000, 0x000000008e000000| Untracked 
| 197|0x000000008e100000, 0x000000008e100000, 0x000000008e200000|  0%| F|  |TAMS 0x000000008e100000, 0x000000008e100000| Untracked 
| 198|0x000000008e200000, 0x000000008e200000, 0x000000008e300000|  0%| F|  |TAMS 0x000000008e200000, 0x000000008e200000| Untracked 
| 199|0x000000008e300000, 0x000000008e300000, 0x000000008e400000|  0%| F|  |TAMS 0x000000008e300000, 0x000000008e300000| Untracked 
| 200|0x000000008e400000, 0x000000008e400000, 0x000000008e500000|  0%| F|  |TAMS 0x000000008e400000, 0x000000008e400000| Untracked 
| 201|0x000000008e500000, 0x000000008e500000, 0x000000008e600000|  0%| F|  |TAMS 0x000000008e500000, 0x000000008e500000| Untracked 
| 202|0x000000008e600000, 0x000000008e600000, 0x000000008e700000|  0%| F|  |TAMS 0x000000008e600000, 0x000000008e600000| Untracked 
| 203|0x000000008e700000, 0x000000008e700000, 0x000000008e800000|  0%| F|  |TAMS 0x000000008e700000, 0x000000008e700000| Untracked 
| 204|0x000000008e800000, 0x000000008e800000, 0x000000008e900000|  0%| F|  |TAMS 0x000000008e800000, 0x000000008e800000| Untracked 
| 205|0x000000008e900000, 0x000000008e900000, 0x000000008ea00000|  0%| F|  |TAMS 0x000000008e900000, 0x000000008e900000| Untracked 
| 206|0x000000008ea00000, 0x000000008ea00000, 0x000000008eb00000|  0%| F|  |TAMS 0x000000008ea00000, 0x000000008ea00000| Untracked 
| 207|0x000000008eb00000, 0x000000008eb00000, 0x000000008ec00000|  0%| F|  |TAMS 0x000000008eb00000, 0x000000008eb00000| Untracked 
| 208|0x000000008ec00000, 0x000000008ec00000, 0x000000008ed00000|  0%| F|  |TAMS 0x000000008ec00000, 0x000000008ec00000| Untracked 
| 209|0x000000008ed00000, 0x000000008ed00000, 0x000000008ee00000|  0%| F|  |TAMS 0x000000008ed00000, 0x000000008ed00000| Untracked 
| 210|0x000000008ee00000, 0x000000008ee00000, 0x000000008ef00000|  0%| F|  |TAMS 0x000000008ee00000, 0x000000008ee00000| Untracked 
| 211|0x000000008ef00000, 0x000000008ef00000, 0x000000008f000000|  0%| F|  |TAMS 0x000000008ef00000, 0x000000008ef00000| Untracked 
| 212|0x000000008f000000, 0x000000008f000000, 0x000000008f100000|  0%| F|  |TAMS 0x000000008f000000, 0x000000008f000000| Untracked 
| 213|0x000000008f100000, 0x000000008f100000, 0x000000008f200000|  0%| F|  |TAMS 0x000000008f100000, 0x000000008f100000| Untracked 
| 214|0x000000008f200000, 0x000000008f200000, 0x000000008f300000|  0%| F|  |TAMS 0x000000008f200000, 0x000000008f200000| Untracked 
| 215|0x000000008f300000, 0x000000008f300000, 0x000000008f400000|  0%| F|  |TAMS 0x000000008f300000, 0x000000008f300000| Untracked 
| 216|0x000000008f400000, 0x000000008f400000, 0x000000008f500000|  0%| F|  |TAMS 0x000000008f400000, 0x000000008f400000| Untracked 
| 217|0x000000008f500000, 0x000000008f500000, 0x000000008f600000|  0%| F|  |TAMS 0x000000008f500000, 0x000000008f500000| Untracked 
| 218|0x000000008f600000, 0x000000008f600000, 0x000000008f700000|  0%| F|  |TAMS 0x000000008f600000, 0x000000008f600000| Untracked 
| 219|0x000000008f700000, 0x000000008f700000, 0x000000008f800000|  0%| F|  |TAMS 0x000000008f700000, 0x000000008f700000| Untracked 
| 220|0x000000008f800000, 0x000000008f800000, 0x000000008f900000|  0%| F|  |TAMS 0x000000008f800000, 0x000000008f800000| Untracked 
| 221|0x000000008f900000, 0x000000008f900000, 0x000000008fa00000|  0%| F|  |TAMS 0x000000008f900000, 0x000000008f900000| Untracked 
| 222|0x000000008fa00000, 0x000000008fa00000, 0x000000008fb00000|  0%| F|  |TAMS 0x000000008fa00000, 0x000000008fa00000| Untracked 
| 223|0x000000008fb00000, 0x000000008fb00000, 0x000000008fc00000|  0%| F|  |TAMS 0x000000008fb00000, 0x000000008fb00000| Untracked 
| 224|0x000000008fc00000, 0x000000008fc00000, 0x000000008fd00000|  0%| F|  |TAMS 0x000000008fc00000, 0x000000008fc00000| Untracked 
| 225|0x000000008fd00000, 0x000000008fd00000, 0x000000008fe00000|  0%| F|  |TAMS 0x000000008fd00000, 0x000000008fd00000| Untracked 
| 226|0x000000008fe00000, 0x000000008fe00000, 0x000000008ff00000|  0%| F|  |TAMS 0x000000008fe00000, 0x000000008fe00000| Untracked 
| 227|0x000000008ff00000, 0x000000008ff00000, 0x0000000090000000|  0%| F|  |TAMS 0x000000008ff00000, 0x000000008ff00000| Untracked 
| 228|0x0000000090000000, 0x0000000090000000, 0x0000000090100000|  0%| F|  |TAMS 0x0000000090000000, 0x0000000090000000| Untracked 
| 229|0x0000000090100000, 0x0000000090100000, 0x0000000090200000|  0%| F|  |TAMS 0x0000000090100000, 0x0000000090100000| Untracked 
| 230|0x0000000090200000, 0x0000000090200000, 0x0000000090300000|  0%| F|  |TAMS 0x0000000090200000, 0x0000000090200000| Untracked 
| 231|0x0000000090300000, 0x0000000090300000, 0x0000000090400000|  0%| F|  |TAMS 0x0000000090300000, 0x0000000090300000| Untracked 
| 232|0x0000000090400000, 0x0000000090400000, 0x0000000090500000|  0%| F|  |TAMS 0x0000000090400000, 0x0000000090400000| Untracked 
| 233|0x0000000090500000, 0x0000000090500000, 0x0000000090600000|  0%| F|  |TAMS 0x0000000090500000, 0x0000000090500000| Untracked 
| 234|0x0000000090600000, 0x0000000090600000, 0x0000000090700000|  0%| F|  |TAMS 0x0000000090600000, 0x0000000090600000| Untracked 
| 235|0x0000000090700000, 0x0000000090700000, 0x0000000090800000|  0%| F|  |TAMS 0x0000000090700000, 0x0000000090700000| Untracked 
| 236|0x0000000090800000, 0x0000000090800000, 0x0000000090900000|  0%| F|  |TAMS 0x0000000090800000, 0x0000000090800000| Untracked 
| 237|0x0000000090900000, 0x0000000090900000, 0x0000000090a00000|  0%| F|  |TAMS 0x0000000090900000, 0x0000000090900000| Untracked 
| 238|0x0000000090a00000, 0x0000000090a00000, 0x0000000090b00000|  0%| F|  |TAMS 0x0000000090a00000, 0x0000000090a00000| Untracked 
| 239|0x0000000090b00000, 0x0000000090b00000, 0x0000000090c00000|  0%| F|  |TAMS 0x0000000090b00000, 0x0000000090b00000| Untracked 
| 240|0x0000000090c00000, 0x0000000090c00000, 0x0000000090d00000|  0%| F|  |TAMS 0x0000000090c00000, 0x0000000090c00000| Untracked 
| 241|0x0000000090d00000, 0x0000000090d00000, 0x0000000090e00000|  0%| F|  |TAMS 0x0000000090d00000, 0x0000000090d00000| Untracked 
| 242|0x0000000090e00000, 0x0000000090e00000, 0x0000000090f00000|  0%| F|  |TAMS 0x0000000090e00000, 0x0000000090e00000| Untracked 
| 243|0x0000000090f00000, 0x0000000090f00000, 0x0000000091000000|  0%| F|  |TAMS 0x0000000090f00000, 0x0000000090f00000| Untracked 
| 244|0x0000000091000000, 0x0000000091000000, 0x0000000091100000|  0%| F|  |TAMS 0x0000000091000000, 0x0000000091000000| Untracked 
| 245|0x0000000091100000, 0x0000000091100000, 0x0000000091200000|  0%| F|  |TAMS 0x0000000091100000, 0x0000000091100000| Untracked 
| 246|0x0000000091200000, 0x0000000091200000, 0x0000000091300000|  0%| F|  |TAMS 0x0000000091200000, 0x0000000091200000| Untracked 
| 247|0x0000000091300000, 0x0000000091300000, 0x0000000091400000|  0%| F|  |TAMS 0x0000000091300000, 0x0000000091300000| Untracked 
| 248|0x0000000091400000, 0x0000000091400000, 0x0000000091500000|  0%| F|  |TAMS 0x0000000091400000, 0x0000000091400000| Untracked 
| 249|0x0000000091500000, 0x0000000091500000, 0x0000000091600000|  0%| F|  |TAMS 0x0000000091500000, 0x0000000091500000| Untracked 
| 250|0x0000000091600000, 0x0000000091600000, 0x0000000091700000|  0%| F|  |TAMS 0x0000000091600000, 0x0000000091600000| Untracked 
| 251|0x0000000091700000, 0x0000000091700000, 0x0000000091800000|  0%| F|  |TAMS 0x0000000091700000, 0x0000000091700000| Untracked 
| 252|0x0000000091800000, 0x0000000091800000, 0x0000000091900000|  0%| F|  |TAMS 0x0000000091800000, 0x0000000091800000| Untracked 
| 253|0x0000000091900000, 0x0000000091900000, 0x0000000091a00000|  0%| F|  |TAMS 0x0000000091900000, 0x0000000091900000| Untracked 
| 254|0x0000000091a00000, 0x0000000091a00000, 0x0000000091b00000|  0%| F|  |TAMS 0x0000000091a00000, 0x0000000091a00000| Untracked 
| 255|0x0000000091b00000, 0x0000000091b00000, 0x0000000091c00000|  0%| F|  |TAMS 0x0000000091b00000, 0x0000000091b00000| Untracked 
| 256|0x0000000091c00000, 0x0000000091c00000, 0x0000000091d00000|  0%| F|  |TAMS 0x0000000091c00000, 0x0000000091c00000| Untracked 
| 257|0x0000000091d00000, 0x0000000091d00000, 0x0000000091e00000|  0%| F|  |TAMS 0x0000000091d00000, 0x0000000091d00000| Untracked 
| 258|0x0000000091e00000, 0x0000000091e00000, 0x0000000091f00000|  0%| F|  |TAMS 0x0000000091e00000, 0x0000000091e00000| Untracked 
| 259|0x0000000091f00000, 0x0000000091f00000, 0x0000000092000000|  0%| F|  |TAMS 0x0000000091f00000, 0x0000000091f00000| Untracked 
| 260|0x0000000092000000, 0x0000000092000000, 0x0000000092100000|  0%| F|  |TAMS 0x0000000092000000, 0x0000000092000000| Untracked 
| 261|0x0000000092100000, 0x0000000092100000, 0x0000000092200000|  0%| F|  |TAMS 0x0000000092100000, 0x0000000092100000| Untracked 
| 262|0x0000000092200000, 0x0000000092200000, 0x0000000092300000|  0%| F|  |TAMS 0x0000000092200000, 0x0000000092200000| Untracked 
| 263|0x0000000092300000, 0x0000000092300000, 0x0000000092400000|  0%| F|  |TAMS 0x0000000092300000, 0x0000000092300000| Untracked 
| 264|0x0000000092400000, 0x0000000092400000, 0x0000000092500000|  0%| F|  |TAMS 0x0000000092400000, 0x0000000092400000| Untracked 
| 265|0x0000000092500000, 0x0000000092500000, 0x0000000092600000|  0%| F|  |TAMS 0x0000000092500000, 0x0000000092500000| Untracked 
| 266|0x0000000092600000, 0x0000000092600000, 0x0000000092700000|  0%| F|  |TAMS 0x0000000092600000, 0x0000000092600000| Untracked 
| 267|0x0000000092700000, 0x0000000092700000, 0x0000000092800000|  0%| F|  |TAMS 0x0000000092700000, 0x0000000092700000| Untracked 
| 268|0x0000000092800000, 0x0000000092800000, 0x0000000092900000|  0%| F|  |TAMS 0x0000000092800000, 0x0000000092800000| Untracked 
| 269|0x0000000092900000, 0x0000000092900000, 0x0000000092a00000|  0%| F|  |TAMS 0x0000000092900000, 0x0000000092900000| Untracked 
| 270|0x0000000092a00000, 0x0000000092a00000, 0x0000000092b00000|  0%| F|  |TAMS 0x0000000092a00000, 0x0000000092a00000| Untracked 
| 271|0x0000000092b00000, 0x0000000092b00000, 0x0000000092c00000|  0%| F|  |TAMS 0x0000000092b00000, 0x0000000092b00000| Untracked 
| 272|0x0000000092c00000, 0x0000000092c00000, 0x0000000092d00000|  0%| F|  |TAMS 0x0000000092c00000, 0x0000000092c00000| Untracked 
| 273|0x0000000092d00000, 0x0000000092d00000, 0x0000000092e00000|  0%| F|  |TAMS 0x0000000092d00000, 0x0000000092d00000| Untracked 
| 274|0x0000000092e00000, 0x0000000092e00000, 0x0000000092f00000|  0%| F|  |TAMS 0x0000000092e00000, 0x0000000092e00000| Untracked 
| 275|0x0000000092f00000, 0x0000000092f00000, 0x0000000093000000|  0%| F|  |TAMS 0x0000000092f00000, 0x0000000092f00000| Untracked 
| 276|0x0000000093000000, 0x0000000093000000, 0x0000000093100000|  0%| F|  |TAMS 0x0000000093000000, 0x0000000093000000| Untracked 
| 277|0x0000000093100000, 0x00000000931825e0, 0x0000000093200000| 50%| S|CS|TAMS 0x0000000093100000, 0x0000000093100000| Complete 
| 278|0x0000000093200000, 0x0000000093300000, 0x0000000093300000|100%| S|CS|TAMS 0x0000000093200000, 0x0000000093200000| Complete 
| 279|0x0000000093300000, 0x0000000093300000, 0x0000000093400000|  0%| F|  |TAMS 0x0000000093300000, 0x0000000093300000| Untracked 
| 280|0x0000000093400000, 0x0000000093400000, 0x0000000093500000|  0%| F|  |TAMS 0x0000000093400000, 0x0000000093400000| Untracked 
| 281|0x0000000093500000, 0x0000000093500000, 0x0000000093600000|  0%| F|  |TAMS 0x0000000093500000, 0x0000000093500000| Untracked 
| 282|0x0000000093600000, 0x0000000093600000, 0x0000000093700000|  0%| F|  |TAMS 0x0000000093600000, 0x0000000093600000| Untracked 
| 283|0x0000000093700000, 0x0000000093700000, 0x0000000093800000|  0%| F|  |TAMS 0x0000000093700000, 0x0000000093700000| Untracked 
| 284|0x0000000093800000, 0x0000000093800000, 0x0000000093900000|  0%| F|  |TAMS 0x0000000093800000, 0x0000000093800000| Untracked 

Card table byte_map: [0x000001f2ac2d0000,0x000001f2ac6d0000] _byte_map_base: 0x000001f2abec2000

Marking Bits (Prev, Next): (CMBitMap*) 0x000001f293d29e80, (CMBitMap*) 0x000001f293d29e40
 Prev Bits: [0x000001f2aea60000, 0x000001f2b09f0000)
 Next Bits: [0x000001f2acad0000, 0x000001f2aea60000)

Polling page: 0x000001f291c10000

Metaspace:

Usage:
  Non-class:     62.31 MB used.
      Class:      7.32 MB used.
       Both:     69.64 MB used.

Virtual space:
  Non-class space:       64.00 MB reserved,      62.50 MB ( 98%) committed,  1 nodes.
      Class space:        1.00 GB reserved,       7.44 MB ( <1%) committed,  1 nodes.
             Both:        1.06 GB reserved,      69.94 MB (  6%) committed. 

Chunk freelists:
   Non-Class:  608.00 KB
       Class:  8.56 MB
        Both:  9.16 MB

MaxMetaspaceSize: unlimited
CompressedClassSpaceSize: 1.00 GB
Initial GC threshold: 21.00 MB
Current GC threshold: 113.44 MB
CDS: on
MetaspaceReclaimPolicy: balanced
 - commit_granule_bytes: 65536.
 - commit_granule_words: 8192.
 - virtual_space_node_default_size: 8388608.
 - enlarge_chunks_in_place: 1.
 - new_chunks_are_fully_committed: 0.
 - uncommit_free_chunks: 1.
 - use_allocation_guard: 0.
 - handle_deallocations: 1.


Internal statistics:

num_allocs_failed_limit: 6.
num_arena_births: 336.
num_arena_deaths: 0.
num_vsnodes_births: 2.
num_vsnodes_deaths: 0.
num_space_committed: 1117.
num_space_uncommitted: 0.
num_chunks_returned_to_freelist: 6.
num_chunks_taken_from_freelist: 2814.
num_chunk_merges: 6.
num_chunk_splits: 2333.
num_chunks_enlarged: 2105.
num_inconsistent_stats: 0.

CodeHeap 'non-profiled nmethods': size=120000Kb used=7223Kb max_used=7223Kb free=112776Kb
 bounds [0x000001f2a4670000, 0x000001f2a4d80000, 0x000001f2abba0000]
CodeHeap 'profiled nmethods': size=120000Kb used=44739Kb max_used=44739Kb free=75260Kb
 bounds [0x000001f29cba0000, 0x000001f29f760000, 0x000001f2a40d0000]
CodeHeap 'non-nmethods': size=5760Kb used=1451Kb max_used=1595Kb free=4308Kb
 bounds [0x000001f2a40d0000, 0x000001f2a4340000, 0x000001f2a4670000]
 total_blobs=14137 nmethods=13348 adapters=697
 compilation: enabled
              stopped_count=0, restarted_count=0
 full_count=0

Compilation events (20 events):
Event: 45.621 Thread 0x000001f2b3414860 nmethod 16806 0x000001f29f70d510 code [0x000001f29f70d740, 0x000001f29f70db98]
Event: 45.621 Thread 0x000001f2b3414860 16822       2       org.jetbrains.kotlin.ir.visitors.IrTypeVisitorVoid::visitMemberAccess (58 bytes)
Event: 45.622 Thread 0x000001f2b3414860 nmethod 16822 0x000001f29f70de90 code [0x000001f29f70e100, 0x000001f29f70e778]
Event: 45.622 Thread 0x000001f2b3414860 16825       3       org.jetbrains.kotlin.ir.visitors.IrTypeVisitorVoid::visitExpression (25 bytes)
Event: 45.624 Thread 0x000001f2b3414860 nmethod 16825 0x000001f29f70eb90 code [0x000001f29f70ee40, 0x000001f29f70fb48]
Event: 45.624 Thread 0x000001f2b3414860 16827       3       org.jetbrains.kotlin.ir.util.AdditionalIrUtilsKt::getClassIdImpl (193 bytes)
Event: 45.639 Thread 0x000001f2b3414860 nmethod 16827 0x000001f29f70ff90 code [0x000001f29f7109c0, 0x000001f29f716428]
Event: 45.639 Thread 0x000001f2b3414860 16836       3       org.jetbrains.kotlin.ir.types.IrTypePredicatesKt::isString (14 bytes)
Event: 45.640 Thread 0x000001f2b3414860 nmethod 16836 0x000001f29f717f90 code [0x000001f29f7181c0, 0x000001f29f718848]
Event: 45.640 Thread 0x000001f2b3414860 16837       3       org.jetbrains.kotlin.ir.visitors.IrTypeVisitorVoid::visitDeclarationReference (6 bytes)
Event: 45.641 Thread 0x000001f2b3414860 nmethod 16837 0x000001f29f718b10 code [0x000001f29f718d40, 0x000001f29f719428]
Event: 45.641 Thread 0x000001f2b3414860 16835       3       org.jetbrains.kotlin.ir.interpreter.InstructionsUnfolderKt::unfoldInstruction (772 bytes)
Event: 45.811 Thread 0x000001f2b3414860 nmethod 16835 0x000001f29f719690 code [0x000001f29f71d5a0, 0x000001f29f744d78]
Event: 45.811 Thread 0x000001f2b3414860 16852       2       java.util.AbstractList::subList (40 bytes)
Event: 45.812 Thread 0x000001f2b3414860 nmethod 16852 0x000001f29f750b10 code [0x000001f29f750ce0, 0x000001f29f751068]
Event: 45.812 Thread 0x000001f2b3414860 16849       2       org.jetbrains.kotlin.com.intellij.psi.stubs.StubBase::<init> (106 bytes)
Event: 45.813 Thread 0x000001f2b3414860 nmethod 16849 0x000001f29f751190 code [0x000001f29f751420, 0x000001f29f751ca8]
Event: 45.814 Thread 0x000001f2b3414860 16850       2       org.jetbrains.kotlin.com.intellij.psi.stubs.MaterialStubList::addStub (25 bytes)
Event: 45.814 Thread 0x000001f2b3414860 nmethod 16850 0x000001f29f752090 code [0x000001f29f752240, 0x000001f29f7523e8]
Event: 45.814 Thread 0x000001f2b3414860 16853       2       org.jetbrains.kotlin.com.intellij.psi.stubs.MaterialStubList$1::visitStub (110 bytes)

GC Heap History (20 events):
Event: 30.994 GC heap after
{Heap after GC invocations=28 (full 0):
 garbage-first heap   total 189440K, used 93484K [0x0000000081c00000, 0x0000000100000000)
  region size 1024K, 5 young (5120K), 5 survivors (5120K)
 Metaspace       used 59864K, committed 60160K, reserved 1114112K
  class space    used 6659K, committed 6784K, reserved 1048576K
}
Event: 31.624 GC heap before
{Heap before GC invocations=28 (full 0):
 garbage-first heap   total 189440K, used 97580K [0x0000000081c00000, 0x0000000100000000)
  region size 1024K, 9 young (9216K), 5 survivors (5120K)
 Metaspace       used 60065K, committed 60352K, reserved 1114112K
  class space    used 6665K, committed 6784K, reserved 1048576K
}
Event: 31.636 GC heap after
{Heap after GC invocations=29 (full 0):
 garbage-first heap   total 189440K, used 94092K [0x0000000081c00000, 0x0000000100000000)
  region size 1024K, 1 young (1024K), 1 survivors (1024K)
 Metaspace       used 60065K, committed 60352K, reserved 1114112K
  class space    used 6665K, committed 6784K, reserved 1048576K
}
Event: 34.833 GC heap before
{Heap before GC invocations=29 (full 0):
 garbage-first heap   total 189440K, used 150412K [0x0000000081c00000, 0x0000000100000000)
  region size 1024K, 56 young (57344K), 1 survivors (1024K)
 Metaspace       used 61099K, committed 61376K, reserved 1114112K
  class space    used 6698K, committed 6848K, reserved 1048576K
}
Event: 34.850 GC heap after
{Heap after GC invocations=30 (full 0):
 garbage-first heap   total 189440K, used 98068K [0x0000000081c00000, 0x0000000100000000)
  region size 1024K, 5 young (5120K), 5 survivors (5120K)
 Metaspace       used 61099K, committed 61376K, reserved 1114112K
  class space    used 6698K, committed 6848K, reserved 1048576K
}
Event: 35.772 GC heap before
{Heap before GC invocations=31 (full 0):
 garbage-first heap   total 189440K, used 152340K [0x0000000081c00000, 0x0000000100000000)
  region size 1024K, 58 young (59392K), 5 survivors (5120K)
 Metaspace       used 61314K, committed 61568K, reserved 1114112K
  class space    used 6703K, committed 6848K, reserved 1048576K
}
Event: 35.799 GC heap after
{Heap after GC invocations=32 (full 0):
 garbage-first heap   total 189440K, used 107581K [0x0000000081c00000, 0x0000000100000000)
  region size 1024K, 8 young (8192K), 8 survivors (8192K)
 Metaspace       used 61314K, committed 61568K, reserved 1114112K
  class space    used 6703K, committed 6848K, reserved 1048576K
}
Event: 35.806 GC heap before
{Heap before GC invocations=32 (full 0):
 garbage-first heap   total 189440K, used 108605K [0x0000000081c00000, 0x0000000100000000)
  region size 1024K, 9 young (9216K), 8 survivors (8192K)
 Metaspace       used 61314K, committed 61568K, reserved 1114112K
  class space    used 6703K, committed 6848K, reserved 1048576K
}
Event: 35.822 GC heap after
{Heap after GC invocations=33 (full 0):
 garbage-first heap   total 264192K, used 108847K [0x0000000081c00000, 0x0000000100000000)
  region size 1024K, 2 young (2048K), 2 survivors (2048K)
 Metaspace       used 61314K, committed 61568K, reserved 1114112K
  class space    used 6703K, committed 6848K, reserved 1048576K
}
Event: 38.378 GC heap before
{Heap before GC invocations=33 (full 0):
 garbage-first heap   total 264192K, used 199983K [0x0000000081c00000, 0x0000000100000000)
  region size 1024K, 91 young (93184K), 2 survivors (2048K)
 Metaspace       used 66753K, committed 67072K, reserved 1114112K
  class space    used 7186K, committed 7296K, reserved 1048576K
}
Event: 38.395 GC heap after
{Heap after GC invocations=34 (full 0):
 garbage-first heap   total 264192K, used 121596K [0x0000000081c00000, 0x0000000100000000)
  region size 1024K, 12 young (12288K), 12 survivors (12288K)
 Metaspace       used 66753K, committed 67072K, reserved 1114112K
  class space    used 7186K, committed 7296K, reserved 1048576K
}
Event: 42.147 GC heap before
{Heap before GC invocations=35 (full 0):
 garbage-first heap   total 264192K, used 202492K [0x0000000081c00000, 0x0000000100000000)
  region size 1024K, 91 young (93184K), 12 survivors (12288K)
 Metaspace       used 68937K, committed 69312K, reserved 1114112K
  class space    used 7318K, committed 7488K, reserved 1048576K
}
Event: 42.203 GC heap after
{Heap after GC invocations=36 (full 0):
 garbage-first heap   total 264192K, used 139428K [0x0000000081c00000, 0x0000000100000000)
  region size 1024K, 12 young (12288K), 12 survivors (12288K)
 Metaspace       used 68937K, committed 69312K, reserved 1114112K
  class space    used 7318K, committed 7488K, reserved 1048576K
}
Event: 42.228 GC heap before
{Heap before GC invocations=36 (full 0):
 garbage-first heap   total 264192K, used 140452K [0x0000000081c00000, 0x0000000100000000)
  region size 1024K, 13 young (13312K), 12 survivors (12288K)
 Metaspace       used 68940K, committed 69312K, reserved 1114112K
  class space    used 7318K, committed 7488K, reserved 1048576K
}
Event: 42.243 GC heap after
{Heap after GC invocations=37 (full 0):
 garbage-first heap   total 264192K, used 142336K [0x0000000081c00000, 0x0000000100000000)
  region size 1024K, 2 young (2048K), 2 survivors (2048K)
 Metaspace       used 68940K, committed 69312K, reserved 1114112K
  class space    used 7318K, committed 7488K, reserved 1048576K
}
Event: 43.912 GC heap before
{Heap before GC invocations=37 (full 0):
 garbage-first heap   total 264192K, used 206848K [0x0000000081c00000, 0x0000000100000000)
  region size 1024K, 65 young (66560K), 2 survivors (2048K)
 Metaspace       used 69150K, committed 69504K, reserved 1114112K
  class space    used 7330K, committed 7488K, reserved 1048576K
}
Event: 43.931 GC heap after
{Heap after GC invocations=38 (full 0):
 garbage-first heap   total 264192K, used 156519K [0x0000000081c00000, 0x0000000100000000)
  region size 1024K, 9 young (9216K), 9 survivors (9216K)
 Metaspace       used 69150K, committed 69504K, reserved 1114112K
  class space    used 7330K, committed 7488K, reserved 1048576K
}
Event: 45.521 GC heap before
{Heap before GC invocations=39 (full 0):
 garbage-first heap   total 291840K, used 208743K [0x0000000081c00000, 0x0000000100000000)
  region size 1024K, 59 young (60416K), 9 survivors (9216K)
 Metaspace       used 70922K, committed 71296K, reserved 1114112K
  class space    used 7449K, committed 7616K, reserved 1048576K
}
Event: 45.557 GC heap after
{Heap after GC invocations=40 (full 0):
 garbage-first heap   total 291840K, used 167170K [0x0000000081c00000, 0x0000000100000000)
  region size 1024K, 8 young (8192K), 8 survivors (8192K)
 Metaspace       used 70922K, committed 71296K, reserved 1114112K
  class space    used 7449K, committed 7616K, reserved 1048576K
}
Event: 45.814 GC heap before
{Heap before GC invocations=40 (full 0):
 garbage-first heap   total 291840K, used 173314K [0x0000000081c00000, 0x0000000100000000)
  region size 1024K, 14 young (14336K), 8 survivors (8192K)
 Metaspace       used 71306K, committed 71616K, reserved 1114112K
  class space    used 7496K, committed 7616K, reserved 1048576K
}

Dll operation events (7 events):
Event: 0.014 Loaded shared library C:\Program Files\OpenLogic\jdk-17.0.14.7-hotspot\bin\java.dll
Event: 0.045 Loaded shared library C:\Program Files\OpenLogic\jdk-17.0.14.7-hotspot\bin\jsvml.dll
Event: 0.143 Loaded shared library C:\Program Files\OpenLogic\jdk-17.0.14.7-hotspot\bin\net.dll
Event: 0.146 Loaded shared library C:\Program Files\OpenLogic\jdk-17.0.14.7-hotspot\bin\nio.dll
Event: 0.215 Loaded shared library C:\Program Files\OpenLogic\jdk-17.0.14.7-hotspot\bin\zip.dll
Event: 0.274 Loaded shared library C:\Program Files\OpenLogic\jdk-17.0.14.7-hotspot\bin\jimage.dll
Event: 2.903 Loaded shared library C:\Program Files\OpenLogic\jdk-17.0.14.7-hotspot\bin\verify.dll

Deoptimization events (20 events):
Event: 45.322 Thread 0x000001f293cd0280 Uncommon trap: trap_request=0xffffffc6 fr.pc=0x000001f2a4d74244 relative=0x00000000000002a4
Event: 45.322 Thread 0x000001f293cd0280 Uncommon trap: reason=bimorphic_or_optimized_type_check action=maybe_recompile pc=0x000001f2a4d74244 method=org.jetbrains.kotlin.ir.visitors.IrElementVisitorVoid$DefaultImpls.visitExpression(Lorg/jetbrains/kotlin/ir/visitors/IrElementVisitorVoid;Lorg/jetb
Event: 45.322 Thread 0x000001f293cd0280 DEOPT PACKING pc=0x000001f2a4d74244 sp=0x00000080a97fcf80
Event: 45.322 Thread 0x000001f293cd0280 DEOPT UNPACKING pc=0x000001f2a41269a3 sp=0x00000080a97fcf38 mode 2
Event: 45.322 Thread 0x000001f293cd0280 Uncommon trap: trap_request=0xffffffc6 fr.pc=0x000001f2a4d74244 relative=0x00000000000002a4
Event: 45.322 Thread 0x000001f293cd0280 Uncommon trap: reason=bimorphic_or_optimized_type_check action=maybe_recompile pc=0x000001f2a4d74244 method=org.jetbrains.kotlin.ir.visitors.IrElementVisitorVoid$DefaultImpls.visitExpression(Lorg/jetbrains/kotlin/ir/visitors/IrElementVisitorVoid;Lorg/jetb
Event: 45.322 Thread 0x000001f293cd0280 DEOPT PACKING pc=0x000001f2a4d74244 sp=0x00000080a97fc5c0
Event: 45.322 Thread 0x000001f293cd0280 DEOPT UNPACKING pc=0x000001f2a41269a3 sp=0x00000080a97fc578 mode 2
Event: 45.322 Thread 0x000001f293cd0280 Uncommon trap: trap_request=0xffffffc6 fr.pc=0x000001f2a4d74244 relative=0x00000000000002a4
Event: 45.322 Thread 0x000001f293cd0280 Uncommon trap: reason=bimorphic_or_optimized_type_check action=maybe_recompile pc=0x000001f2a4d74244 method=org.jetbrains.kotlin.ir.visitors.IrElementVisitorVoid$DefaultImpls.visitExpression(Lorg/jetbrains/kotlin/ir/visitors/IrElementVisitorVoid;Lorg/jetb
Event: 45.322 Thread 0x000001f293cd0280 DEOPT PACKING pc=0x000001f2a4d74244 sp=0x00000080a97fbdc0
Event: 45.323 Thread 0x000001f293cd0280 DEOPT UNPACKING pc=0x000001f2a41269a3 sp=0x00000080a97fbd78 mode 2
Event: 45.323 Thread 0x000001f293cd0280 Uncommon trap: trap_request=0xffffffc6 fr.pc=0x000001f2a4d74244 relative=0x00000000000002a4
Event: 45.323 Thread 0x000001f293cd0280 Uncommon trap: reason=bimorphic_or_optimized_type_check action=maybe_recompile pc=0x000001f2a4d74244 method=org.jetbrains.kotlin.ir.visitors.IrElementVisitorVoid$DefaultImpls.visitExpression(Lorg/jetbrains/kotlin/ir/visitors/IrElementVisitorVoid;Lorg/jetb
Event: 45.323 Thread 0x000001f293cd0280 DEOPT PACKING pc=0x000001f2a4d74244 sp=0x00000080a97fc950
Event: 45.323 Thread 0x000001f293cd0280 DEOPT UNPACKING pc=0x000001f2a41269a3 sp=0x00000080a97fc908 mode 2
Event: 45.482 Thread 0x000001f293cd0280 DEOPT PACKING pc=0x000001f29f5b5524 sp=0x00000080a97fd7b0
Event: 45.482 Thread 0x000001f293cd0280 DEOPT UNPACKING pc=0x000001f2a4127143 sp=0x00000080a97fccd0 mode 0
Event: 45.589 Thread 0x000001f293cd0280 DEOPT PACKING pc=0x000001f29ce6a5b8 sp=0x00000080a97fcf80
Event: 45.589 Thread 0x000001f293cd0280 DEOPT UNPACKING pc=0x000001f2a4127143 sp=0x00000080a97fc488 mode 0

Classes loaded (20 events):
Event: 12.977 Loading class java/util/ArrayList$SubList$1
Event: 12.977 Loading class java/util/ArrayList$SubList$1 done
Event: 13.000 Loading class java/util/EnumMap$EntrySet
Event: 13.005 Loading class java/util/EnumMap$EntrySet done
Event: 13.005 Loading class java/util/EnumMap$EntryIterator
Event: 13.005 Loading class java/util/EnumMap$EnumMapIterator
Event: 13.005 Loading class java/util/EnumMap$EnumMapIterator done
Event: 13.005 Loading class java/util/EnumMap$EntryIterator done
Event: 13.006 Loading class java/util/EnumMap$EntryIterator$Entry
Event: 13.006 Loading class java/util/EnumMap$EntryIterator$Entry done
Event: 16.800 Loading class java/util/AbstractList$RandomAccessSubList
Event: 16.800 Loading class java/util/AbstractList$RandomAccessSubList done
Event: 17.310 Loading class java/lang/Byte$ByteCache
Event: 17.310 Loading class java/lang/Byte$ByteCache done
Event: 21.198 Loading class java/lang/Short$ShortCache
Event: 21.198 Loading class java/lang/Short$ShortCache done
Event: 29.513 Loading class java/text/MessageFormat
Event: 29.514 Loading class java/text/MessageFormat done
Event: 29.575 Loading class java/text/ChoiceFormat
Event: 29.576 Loading class java/text/ChoiceFormat done

Classes unloaded (0 events):
No events

Classes redefined (0 events):
No events

Internal exceptions (20 events):
Event: 18.142 Thread 0x000001f293cd0280 Exception <a 'java/lang/NoSuchMethodError'{0x00000000884b2c48}: 'java.lang.Object java.lang.invoke.Invokers$Holder.linkToTargetMethod(java.lang.Object, java.lang.Object, java.lang.Object, java.lang.Object, int, java.lang.Object)'> (0x00000000884b2c48) 
thrown [s\src\hotspot\share\interpreter\linkResolver.cpp, line 759]
Event: 19.819 Thread 0x000001f293cd0280 Exception <a 'java/lang/NoSuchMethodError'{0x000000008890ee90}: 'java.lang.Object java.lang.invoke.DirectMethodHandle$Holder.invokeStatic(java.lang.Object, int, java.lang.Object, java.lang.Object)'> (0x000000008890ee90) 
thrown [s\src\hotspot\share\interpreter\linkResolver.cpp, line 759]
Event: 19.957 Thread 0x000001f293cd0280 Exception <a 'java/lang/NoSuchMethodError'{0x00000000888d11f8}: 'java.lang.Object java.lang.invoke.DirectMethodHandle$Holder.newInvokeSpecial(java.lang.Object, int, java.lang.Object, java.lang.Object, java.lang.Object)'> (0x00000000888d11f8) 
thrown [s\src\hotspot\share\interpreter\linkResolver.cpp, line 759]
Event: 19.958 Thread 0x000001f293cd0280 Exception <a 'java/lang/NoSuchMethodError'{0x00000000888d5c30}: 'java.lang.Object java.lang.invoke.DirectMethodHandle$Holder.invokeSpecial(java.lang.Object, java.lang.Object, int, java.lang.Object, java.lang.Object, java.lang.Object)'> (0x00000000888d5c30) 
thrown [s\src\hotspot\share\interpreter\linkResolver.cpp, line 759]
Event: 19.958 Thread 0x000001f293cd0280 Exception <a 'java/lang/NoSuchMethodError'{0x00000000888d9c28}: 'java.lang.Object java.lang.invoke.Invokers$Holder.linkToTargetMethod(int, java.lang.Object, java.lang.Object, java.lang.Object, java.lang.Object)'> (0x00000000888d9c28) 
thrown [s\src\hotspot\share\interpreter\linkResolver.cpp, line 759]
Event: 20.428 Thread 0x000001f293cd0280 Exception <a 'java/lang/NoSuchMethodError'{0x0000000087fa2b90}: 'java.lang.Object java.lang.invoke.DirectMethodHandle$Holder.newInvokeSpecial(java.lang.Object, java.lang.Object, java.lang.Object, java.lang.Object, java.lang.Object, java.lang.Object, int)'> (0x0000000087fa2b90) 
thrown [s\src\hotspot\share\interpreter\linkResolver.cpp, line 759]
Event: 20.429 Thread 0x000001f293cd0280 Exception <a 'java/lang/NoSuchMethodError'{0x0000000087fa83c8}: 'java.lang.Object java.lang.invoke.DirectMethodHandle$Holder.invokeSpecial(java.lang.Object, java.lang.Object, java.lang.Object, java.lang.Object, java.lang.Object, java.lang.Object, java.lang.Object, int)'> (0x0000000087fa83c8) 
thrown [s\src\hotspot\share\interpreter\linkResolver.cpp, line 759]
Event: 21.685 Thread 0x000001f293cd0280 Implicit null exception at 0x000001f2a4922940 to 0x000001f2a49268d0
Event: 29.661 Thread 0x000001f293cd0280 Exception <a 'java/lang/NoSuchMethodError'{0x000000008a8db9a8}: 'java.lang.Object java.lang.invoke.DirectMethodHandle$Holder.invokeStaticInit(java.lang.Object, int, int, java.lang.Object)'> (0x000000008a8db9a8) 
thrown [s\src\hotspot\share\interpreter\linkResolver.cpp, line 759]
Event: 29.689 Thread 0x000001f293cd0280 Implicit null exception at 0x000001f2a47c9f55 to 0x000001f2a47ca140
Event: 30.227 Thread 0x000001f293cd0280 Exception <a 'java/lang/NoSuchMethodError'{0x000000008a37ce68}: 'java.lang.Object java.lang.invoke.DirectMethodHandle$Holder.invokeStatic(java.lang.Object, java.lang.Object, java.lang.Object, java.lang.Object, java.lang.Object, int)'> (0x000000008a37ce68) 
thrown [s\src\hotspot\share\interpreter\linkResolver.cpp, line 759]
Event: 31.169 Thread 0x000001f293cd0280 Implicit null exception at 0x000001f2a4b55ee0 to 0x000001f2a4b55f80
Event: 34.187 Thread 0x000001f293cd0280 Exception <a 'java/lang/NoSuchMethodError'{0x000000008b599710}: 'java.lang.Object java.lang.invoke.DirectMethodHandle$Holder.newInvokeSpecial(java.lang.Object, java.lang.Object, int, java.lang.Object, java.lang.Object, java.lang.Object)'> (0x000000008b599710) 
thrown [s\src\hotspot\share\interpreter\linkResolver.cpp, line 759]
Event: 34.188 Thread 0x000001f293cd0280 Exception <a 'java/lang/NoSuchMethodError'{0x000000008b59da80}: 'java.lang.Object java.lang.invoke.DirectMethodHandle$Holder.invokeSpecial(java.lang.Object, java.lang.Object, java.lang.Object, int, java.lang.Object, java.lang.Object, java.lang.Object)'> (0x000000008b59da80) 
thrown [s\src\hotspot\share\interpreter\linkResolver.cpp, line 759]
Event: 34.188 Thread 0x000001f293cd0280 Exception <a 'java/lang/NoSuchMethodError'{0x000000008b5a1360}: 'java.lang.Object java.lang.invoke.Invokers$Holder.linkToTargetMethod(java.lang.Object, int, java.lang.Object, java.lang.Object, java.lang.Object, java.lang.Object)'> (0x000000008b5a1360) 
thrown [s\src\hotspot\share\interpreter\linkResolver.cpp, line 759]
Event: 35.972 Thread 0x000001f293cd0280 Exception <a 'java/lang/NoSuchMethodError'{0x00000000913ed0d8}: 'java.lang.Object java.lang.invoke.DirectMethodHandle$Holder.invokeStatic(java.lang.Object, java.lang.Object, java.lang.Object, java.lang.Object, java.lang.Object, java.lang.Object, java.lang.Object, java.lang.Object, int)'> (0x00000000913ed0d8) 
thrown [s\src\hotspot\share\interpreter\linkResolver.cpp, line 759]
Event: 37.015 Thread 0x000001f293cd0280 Implicit null exception at 0x000001f2a46e6d75 to 0x000001f2a46e74c8
Event: 37.018 Thread 0x000001f293cd0280 Implicit null exception at 0x000001f2a46b3174 to 0x000001f2a46b38d0
Event: 37.702 Thread 0x000001f293cd0280 Exception <a 'java/lang/NoSuchMethodError'{0x000000008cba5458}: 'java.lang.Object java.lang.invoke.DirectMethodHandle$Holder.newInvokeSpecial(java.lang.Object, java.lang.Object, java.lang.Object, java.lang.Object, java.lang.Object, java.lang.Object, java.lang.Object, java.lang.Object, int)'> (0x000000008cba5458) 
thrown [s\src\hotspot\share\interpreter\linkResolver.cpp, line 759]
Event: 37.702 Thread 0x000001f293cd0280 Exception <a 'java/lang/NoSuchMethodError'{0x000000008cbaa900}: 'java.lang.Object java.lang.invoke.DirectMethodHandle$Holder.invokeSpecial(java.lang.Object, java.lang.Object, java.lang.Object, java.lang.Object, java.lang.Object, java.lang.Object, java.lang.Object, java.lang.Object, java.lang.Object, int)'> (0x000000008cbaa900) 
thrown [s\src\hotspot\share\interpreter\linkResolver.cpp, line 759]

VM Operations (20 events):
Event: 44.267 Executing VM operation: HandshakeAllThreads done
Event: 44.271 Executing VM operation: HandshakeAllThreads
Event: 44.271 Executing VM operation: HandshakeAllThreads done
Event: 44.282 Executing VM operation: G1PauseRemark
Event: 44.307 Executing VM operation: G1PauseRemark done
Event: 44.350 Executing VM operation: HandshakeAllThreads
Event: 44.350 Executing VM operation: HandshakeAllThreads done
Event: 44.447 Executing VM operation: G1PauseCleanup
Event: 44.450 Executing VM operation: G1PauseCleanup done
Event: 44.697 Executing VM operation: HandshakeAllThreads
Event: 44.712 Executing VM operation: HandshakeAllThreads done
Event: 44.859 Executing VM operation: HandshakeAllThreads
Event: 44.859 Executing VM operation: HandshakeAllThreads done
Event: 45.063 Executing VM operation: ICBufferFull
Event: 45.063 Executing VM operation: ICBufferFull done
Event: 45.521 Executing VM operation: G1CollectForAllocation
Event: 45.557 Executing VM operation: G1CollectForAllocation done
Event: 45.663 Executing VM operation: HandshakeAllThreads
Event: 45.671 Executing VM operation: HandshakeAllThreads done
Event: 45.814 Executing VM operation: G1CollectForAllocation

Memory protections (0 events):
No events

Nmethod flushes (20 events):
Event: 41.237 Thread 0x000001f2b3417270 flushing  nmethod 0x000001f29f41cf90
Event: 41.237 Thread 0x000001f2b3417270 flushing  nmethod 0x000001f29f488010
Event: 41.237 Thread 0x000001f2b3417270 flushing  nmethod 0x000001f29f490a90
Event: 41.238 Thread 0x000001f2b3417270 flushing  nmethod 0x000001f29f4aff10
Event: 41.238 Thread 0x000001f2b3417270 flushing  nmethod 0x000001f29f4b1710
Event: 41.238 Thread 0x000001f2b3417270 flushing  nmethod 0x000001f29f4b1b10
Event: 41.238 Thread 0x000001f2b3417270 flushing  nmethod 0x000001f29f4b3010
Event: 41.238 Thread 0x000001f2b3417270 flushing  nmethod 0x000001f29f4b5610
Event: 44.757 Thread 0x000001f2b3417270 flushing  nmethod 0x000001f29d86c410
Event: 44.801 Thread 0x000001f2b3417270 flushing  nmethod 0x000001f29f3c6690
Event: 44.802 Thread 0x000001f2b3417270 flushing  nmethod 0x000001f29f41b590
Event: 44.803 Thread 0x000001f2b3417270 flushing  nmethod 0x000001f29f49fa90
Event: 44.803 Thread 0x000001f2b3417270 flushing  nmethod 0x000001f29f4ae210
Event: 44.803 Thread 0x000001f2b3417270 flushing  nmethod 0x000001f29f4b3510
Event: 44.803 Thread 0x000001f2b3417270 flushing  nmethod 0x000001f29f4b3e10
Event: 44.803 Thread 0x000001f2b3417270 flushing  nmethod 0x000001f29f4b9d90
Event: 44.803 Thread 0x000001f2b3417270 flushing  nmethod 0x000001f29f4bd390
Event: 44.803 Thread 0x000001f2b3417270 flushing  nmethod 0x000001f29f4be610
Event: 44.804 Thread 0x000001f2b3417270 flushing  nmethod 0x000001f29f501b10
Event: 44.804 Thread 0x000001f2b3417270 flushing  nmethod 0x000001f29f502990

Events (20 events):
Event: 2.486 Thread 0x000001f2b3414860 Thread added: 0x000001f2f9521360
Event: 3.559 Thread 0x000001f2f9521360 Thread exited: 0x000001f2f9521360
Event: 3.561 Thread 0x000001f2f9520e40 Thread exited: 0x000001f2f9520e40
Event: 4.184 Thread 0x000001f2b3414860 Thread added: 0x000001f2fc0e0280
Event: 4.436 Thread 0x000001f2b3414860 Thread added: 0x000001f2f9ca0b40
Event: 5.144 Thread 0x000001f2f9ca0b40 Thread exited: 0x000001f2f9ca0b40
Event: 5.144 Thread 0x000001f2fc0e0280 Thread exited: 0x000001f2fc0e0280
Event: 6.499 Thread 0x000001f2b3414860 Thread added: 0x000001f2f9c76020
Event: 6.528 Thread 0x000001f2b3414860 Thread added: 0x000001f2f99e2290
Event: 10.652 Thread 0x000001f2f99e2290 Thread exited: 0x000001f2f99e2290
Event: 10.653 Thread 0x000001f2f9c76020 Thread exited: 0x000001f2f9c76020
Event: 10.811 Thread 0x000001f2b3414860 Thread added: 0x000001f2fc997450
Event: 10.823 Thread 0x000001f2b3414860 Thread added: 0x000001f2fc997970
Event: 11.017 Thread 0x000001f2fc997970 Thread exited: 0x000001f2fc997970
Event: 11.318 Thread 0x000001f2fc997450 Thread exited: 0x000001f2fc997450
Event: 11.407 Thread 0x000001f2b3414860 Thread added: 0x000001f2fd1faf70
Event: 11.839 Thread 0x000001f2fd1faf70 Thread exited: 0x000001f2fd1faf70
Event: 12.201 Thread 0x000001f2b3414860 Thread added: 0x000001f2fb7a35d0
Event: 16.536 Thread 0x000001f2fb7a35d0 Thread exited: 0x000001f2fb7a35d0
Event: 16.590 Thread 0x000001f2b3413e60 Thread added: 0x000001f2fd1f61f0


Dynamic libraries:
0x00007ff6e0570000 - 0x00007ff6e057e000 	C:\Program Files\OpenLogic\jdk-17.0.14.7-hotspot\bin\java.exe
0x00007ffa37a70000 - 0x00007ffa37c68000 	C:\Windows\SYSTEM32\ntdll.dll
0x00007ffa37710000 - 0x00007ffa377d2000 	C:\Windows\System32\KERNEL32.DLL
0x00007ffa35100000 - 0x00007ffa353f6000 	C:\Windows\System32\KERNELBASE.dll
0x00007ffa35680000 - 0x00007ffa35780000 	C:\Windows\System32\ucrtbase.dll
0x00007ffa2b780000 - 0x00007ffa2b79b000 	C:\Program Files\OpenLogic\jdk-17.0.14.7-hotspot\bin\VCRUNTIME140.dll
0x00007ffa16cf0000 - 0x00007ffa16d07000 	C:\Program Files\OpenLogic\jdk-17.0.14.7-hotspot\bin\jli.dll
0x00007ffa36fe0000 - 0x00007ffa3717d000 	C:\Windows\System32\USER32.dll
0x00007ffa35530000 - 0x00007ffa35552000 	C:\Windows\System32\win32u.dll
0x00007ffa376e0000 - 0x00007ffa3770b000 	C:\Windows\System32\GDI32.dll
0x00007ffa35560000 - 0x00007ffa35679000 	C:\Windows\System32\gdi32full.dll
0x00007ffa35810000 - 0x00007ffa358ad000 	C:\Windows\System32\msvcp_win.dll
0x00007ffa1ed00000 - 0x00007ffa1ef9a000 	C:\Windows\WinSxS\amd64_microsoft.windows.common-controls_6595b64144ccf1df_6.0.19041.5915_none_60b4b9d171f9c7c7\COMCTL32.dll
0x00007ffa36150000 - 0x00007ffa361ee000 	C:\Windows\System32\msvcrt.dll
0x00007ffa36450000 - 0x00007ffa3647f000 	C:\Windows\System32\IMM32.DLL
0x00007ffa2b7a0000 - 0x00007ffa2b7ac000 	C:\Program Files\OpenLogic\jdk-17.0.14.7-hotspot\bin\vcruntime140_1.dll
0x00007ffa11c10000 - 0x00007ffa11c9d000 	C:\Program Files\OpenLogic\jdk-17.0.14.7-hotspot\bin\msvcp140.dll
0x00007ff9d1630000 - 0x00007ff9d229c000 	C:\Program Files\OpenLogic\jdk-17.0.14.7-hotspot\bin\server\jvm.dll
0x00007ffa375c0000 - 0x00007ffa37671000 	C:\Windows\System32\ADVAPI32.dll
0x00007ffa37990000 - 0x00007ffa37a2f000 	C:\Windows\System32\sechost.dll
0x00007ffa372a0000 - 0x00007ffa373c3000 	C:\Windows\System32\RPCRT4.dll
0x00007ffa35a10000 - 0x00007ffa35a37000 	C:\Windows\System32\bcrypt.dll
0x00007ffa373d0000 - 0x00007ffa3743b000 	C:\Windows\System32\WS2_32.dll
0x00007ffa34f60000 - 0x00007ffa34fab000 	C:\Windows\SYSTEM32\POWRPROF.dll
0x00007ffa20090000 - 0x00007ffa200b7000 	C:\Windows\SYSTEM32\WINMM.dll
0x00007ffa2c4d0000 - 0x00007ffa2c4da000 	C:\Windows\SYSTEM32\VERSION.dll
0x00007ffa34f40000 - 0x00007ffa34f52000 	C:\Windows\SYSTEM32\UMPDC.dll
0x00007ffa338e0000 - 0x00007ffa338f2000 	C:\Windows\SYSTEM32\kernel.appcore.dll
0x00007ffa2b770000 - 0x00007ffa2b77a000 	C:\Program Files\OpenLogic\jdk-17.0.14.7-hotspot\bin\jimage.dll
0x00007ffa32cd0000 - 0x00007ffa32ed1000 	C:\Windows\SYSTEM32\DBGHELP.DLL
0x00007ffa20900000 - 0x00007ffa20934000 	C:\Windows\SYSTEM32\dbgcore.DLL
0x00007ffa35780000 - 0x00007ffa35802000 	C:\Windows\System32\bcryptPrimitives.dll
0x00007ffa11be0000 - 0x00007ffa11c05000 	C:\Program Files\OpenLogic\jdk-17.0.14.7-hotspot\bin\java.dll
0x00007ff9f5e00000 - 0x00007ff9f5ed6000 	C:\Program Files\OpenLogic\jdk-17.0.14.7-hotspot\bin\jsvml.dll
0x00007ffa36870000 - 0x00007ffa36fde000 	C:\Windows\System32\SHELL32.dll
0x00007ffa33120000 - 0x00007ffa338c4000 	C:\Windows\SYSTEM32\windows.storage.dll
0x00007ffa36510000 - 0x00007ffa36863000 	C:\Windows\System32\combase.dll
0x00007ffa349e0000 - 0x00007ffa34a0b000 	C:\Windows\SYSTEM32\Wldp.dll
0x00007ffa37440000 - 0x00007ffa3750d000 	C:\Windows\System32\OLEAUT32.dll
0x00007ffa361f0000 - 0x00007ffa3629d000 	C:\Windows\System32\SHCORE.dll
0x00007ffa37680000 - 0x00007ffa376db000 	C:\Windows\System32\shlwapi.dll
0x00007ffa35030000 - 0x00007ffa35055000 	C:\Windows\SYSTEM32\profapi.dll
0x00007ffa117f0000 - 0x00007ffa11809000 	C:\Program Files\OpenLogic\jdk-17.0.14.7-hotspot\bin\net.dll
0x00007ffa2d1a0000 - 0x00007ffa2d2aa000 	C:\Windows\SYSTEM32\WINHTTP.dll
0x00007ffa34760000 - 0x00007ffa347ca000 	C:\Windows\system32\mswsock.dll
0x00007ffa117d0000 - 0x00007ffa117e6000 	C:\Program Files\OpenLogic\jdk-17.0.14.7-hotspot\bin\nio.dll
0x00007ffa0a460000 - 0x00007ffa0a478000 	C:\Program Files\OpenLogic\jdk-17.0.14.7-hotspot\bin\zip.dll
0x00007ffa17070000 - 0x00007ffa17080000 	C:\Program Files\OpenLogic\jdk-17.0.14.7-hotspot\bin\verify.dll

dbghelp: loaded successfully - version: 4.0.5 - missing functions: none
symbol engine: initialized successfully - sym options: 0x614 - pdb path: .;C:\Program Files\OpenLogic\jdk-17.0.14.7-hotspot\bin;C:\Windows\SYSTEM32;C:\Windows\WinSxS\amd64_microsoft.windows.common-controls_6595b64144ccf1df_6.0.19041.5915_none_60b4b9d171f9c7c7;C:\Program Files\OpenLogic\jdk-17.0.14.7-hotspot\bin\server

VM Arguments:
java_command: org.jetbrains.kotlin.cli.jvm.K2JVMCompiler @G:\SchoolEvnets\node_modules\react-native-screens\android\build\20250625_13575621333826870370.compiler.options
java_class_path (initial): C:\Users\HP\.gradle\caches\modules-2\files-2.1\org.jetbrains.kotlin\kotlin-compiler-embeddable\2.1.20\4ef56b3316798316bfac7a0ae443391c9e900ea1\kotlin-compiler-embeddable-2.1.20.jar;C:\Users\HP\.gradle\caches\modules-2\files-2.1\org.jetbrains.kotlin\kotlin-stdlib\2.1.20\aa8ca79cd50578314f6d1180c47cbe14c0fee567\kotlin-stdlib-2.1.20.jar;C:\Users\HP\.gradle\caches\modules-2\files-2.1\org.jetbrains.kotlin\kotlin-script-runtime\2.1.20\f7c623d7f7bdb01f5ccd6b437bc0a937fcd7c57e\kotlin-script-runtime-2.1.20.jar;C:\Users\HP\.gradle\caches\modules-2\files-2.1\org.jetbrains.kotlin\kotlin-reflect\1.6.10\1cbe9c92c12a94eea200d23c2bbaedaf3daf5132\kotlin-reflect-1.6.10.jar;C:\Users\HP\.gradle\caches\modules-2\files-2.1\org.jetbrains.kotlin\kotlin-daemon-embeddable\2.1.20\95670fce77befd02a70a0bc3abe8ee4533521334\kotlin-daemon-embeddable-2.1.20.jar;C:\Users\HP\.gradle\caches\modules-2\files-2.1\org.jetbrains.intellij.deps\trove4j\1.0.20200330\3afb14d5f9ceb459d724e907a21145e8ff394f02\trove4j-1.0.20200330.jar;C:\Users\HP\.gradle\caches\modules-2\files-2.1\org.jetbrains.kotlinx\kotlinx-coroutines-core-jvm\1.8.0\ac1dc37a30a93150b704022f8d895ee1bd3a36b3\kotlinx-coroutines-core-jvm-1.8.0.jar;C:\Users\HP\.gradle\caches\modules-2\files-2.1\org.jetbrains\annotations\13.0\919f0dfe192fb4e063e7dacadee7f8bb9a2672a9\annotations-13.0.jar
Launcher Type: SUN_STANDARD

[Global flags]
     intx CICompilerCount                          = 4                                         {product} {ergonomic}
     uint ConcGCThreads                            = 2                                         {product} {ergonomic}
     uint G1ConcRefinementThreads                  = 8                                         {product} {ergonomic}
   size_t G1HeapRegionSize                         = 1048576                                   {product} {ergonomic}
    uintx GCDrainStackTargetSize                   = 64                                        {product} {ergonomic}
   size_t InitialHeapSize                          = 134217728                                 {product} {ergonomic}
   size_t MarkStackSize                            = 4194304                                   {product} {ergonomic}
   size_t MaxHeapSize                              = 2118123520                                {product} {ergonomic}
   size_t MaxNewSize                               = 1270874112                                {product} {ergonomic}
   size_t MinHeapDeltaBytes                        = 1048576                                   {product} {ergonomic}
   size_t MinHeapSize                              = 8388608                                   {product} {ergonomic}
    uintx NonNMethodCodeHeapSize                   = 5839372                                {pd product} {ergonomic}
    uintx NonProfiledCodeHeapSize                  = 122909434                              {pd product} {ergonomic}
    uintx ProfiledCodeHeapSize                     = 122909434                              {pd product} {ergonomic}
    uintx ReservedCodeCacheSize                    = 251658240                              {pd product} {ergonomic}
     bool SegmentedCodeCache                       = true                                      {product} {ergonomic}
   size_t SoftMaxHeapSize                          = 2118123520                             {manageable} {ergonomic}
     bool UseCompressedClassPointers               = true                           {product lp64_product} {ergonomic}
     bool UseCompressedOops                        = true                           {product lp64_product} {ergonomic}
     bool UseG1GC                                  = true                                      {product} {ergonomic}
     bool UseLargePagesIndividualAllocation        = false                                  {pd product} {ergonomic}

Logging:
Log output configuration:
 #0: stdout all=warning uptime,level,tags
 #1: stderr all=off uptime,level,tags

Environment Variables:
JAVA_HOME=C:\Program Files\OpenLogic\jdk-17.0.14.7-hotspot\
PATH=G:\SchoolEvnets\node_modules\.bin;G:\SchoolEvnets\node_modules\.bin;G:\node_modules\.bin;C:\Users\HP\AppData\Roaming\nvm\v20.18.0\node_modules\npm\node_modules\@npmcli\run-script\lib\node-gyp-bin;C:\Program Files\OpenLogic\jdk-17.0.14.7-hotspot\bin;C:\Program Files\jdk/bin;C:\Windows\system32;C:\Windows;C:\Windows\System32\Wbem;C:\Windows\System32\WindowsPowerShell\v1.0\;C:\Windows\System32\OpenSSH\;C:\Program Files\Git\cmd;C:\Ruby33-x64\bin;C:\Users\HP\AppData\Roaming\nvm;C:\Program Files\nodejs;C:\Users\HP\AppData\Local\Microsoft\WindowsApps;C:\Users\HP\AppData\Local\Programs\Microsoft VS Code\bin;C:\Users\HP\AppData\Roaming\npm;C:\Users\HP\AppData\Roaming\nvm;C:\Program Files\nodejs;C:\Users\HP\Downloads;C:\Users\HP\Downloads\jvms.exe;C:\Users\HP\AppData\Local\Android\Sdk\platform-tools;C:\Users\HP\AppData\Local\Android\Sdk;C:\Program Files\Docker\Docker\resources\bin;C:\ProgramData\ComposerSetup\bin;C:\ProgramData\ComposerSetup\bin;E:\xamp\php;C:\Program Files\OpenLogic\jdk-17.0.14.7-hotspot\\bin;C:\Users\HP\AppData\Local\Microsoft\WindowsApps;C:\Users\HP\AppData\Local\Programs\Microsoft VS Code\bin;C:\Users\HP\AppData\Roaming\npm;C:\Users\HP\AppData\Roaming\nvm;C:\Program Files\nodejs;C:\Users\HP\AppData\Local\Android\Sdk;C:\Users\HP\AppData\Local\Android\Sdk\platform-tools;C:\Users\HP\.deno\bin;E:\xamp\php;C:\Users\HP\AppData\Roaming\Composer\vendor\bin
USERNAME=HP
OS=Windows_NT
PROCESSOR_IDENTIFIER=Intel64 Family 6 Model 142 Stepping 11, GenuineIntel
TMP=C:\Users\HP\AppData\Local\Temp
TEMP=C:\Users\HP\AppData\Local\Temp



Periodic native trim disabled


---------------  S Y S T E M  ---------------

OS:
 Windows 10 , 64 bit Build 19041 (10.0.19041.5915)
OS uptime: 0 days 1:36 hours
Hyper-V role detected

CPU: total 8 (initial active 8) (4 cores per cpu, 2 threads per core) family 6 model 142 stepping 11 microcode 0xb8, cx8, cmov, fxsr, ht, mmx, 3dnowpref, sse, sse2, sse3, ssse3, sse4.1, sse4.2, popcnt, lzcnt, tsc, tscinvbit, avx, avx2, aes, erms, clmul, bmi1, bmi2, adx, fma, vzeroupper, clflush, clflushopt, hv
Processor Information for all 8 processors :
  Max Mhz: 1800, Current Mhz: 1600, Mhz Limit: 1584

Memory: 4k page, system-wide physical 8078M (362M free)
TotalPageFile size 18318M (AvailPageFile size 101M)
current process WorkingSet (physical memory assigned to process): 519M, peak: 519M
current process commit charge ("private bytes"): 571M, peak: 1117M

vm_info: OpenJDK 64-Bit Server VM (17.0.14+7-adhoc..jdk17u) for windows-amd64 JRE (17.0.14+7-adhoc..jdk17u), built on Jan 22 2025 11:06:43 by "" with MS VC++ 16.10 / 16.11 (VS2019)

END.
